2019-04-28 15:29:29.255 INFO  --- [StartupInfoLogger.java:50][restartedMain] - Starting MyApplication on jimmy with PID 16120 (C:\Users\jimmy\IdeaProjects\Party\target\classes started by jimmy in C:\Users\jimmy\IdeaProjects\Party)
2019-04-28 15:29:29.269 INFO  --- [SpringApplication.java:675][restartedMain] - No active profile set, falling back to default profiles: default
2019-04-28 15:29:34.585 INFO  --- [HikariDataSource.java:110][restartedMain] - HikariPool-1 - Starting...
2019-04-28 15:29:34.823 INFO  --- [HikariDataSource.java:123][restartedMain] - HikariPool-1 - Start completed.
2019-04-28 15:29:35.030 INFO  --- [LogHelper.java:31][restartedMain] - HHH000204: Processing PersistenceUnitInfo [
	name: default
	...]
2019-04-28 15:29:35.264 INFO  --- [Version.java:46][restartedMain] - HHH000412: Hibernate Core {5.3.7.Final}
2019-04-28 15:29:35.266 INFO  --- [Environment.java:213][restartedMain] - HHH000206: hibernate.properties not found
2019-04-28 15:29:35.662 INFO  --- [JavaReflectionManager.java:49][restartedMain] - HCANN000001: Hibernate Commons Annotations {5.0.4.Final}
2019-04-28 15:29:36.032 INFO  --- [Dialect.java:157][restartedMain] - HHH000400: Using dialect: org.hibernate.dialect.MySQL5Dialect
2019-04-28 15:29:37.759 WARN  --- [JpaBaseConfiguration.java:234][restartedMain] - spring.jpa.open-in-view is enabled by default. Therefore, database queries may be performed during view rendering. Explicitly configure spring.jpa.open-in-view to disable this warning
2019-04-28 15:29:38.208 INFO  --- [StartupInfoLogger.java:59][restartedMain] - Started MyApplication in 10.171 seconds (JVM running for 12.264)
2019-04-28 15:30:58.248 DEBUG --- [BaseJdbcLogger.java:159][http-nio-8080-exec-5] - ==>  Preparing: SELECT u.id userId, u.username username, u.password password, u.chinese_name chineseName FROM t_user u WHERE u.username = ? AND u.password = ? AND u.delete_status = '1' 
2019-04-28 15:30:58.316 DEBUG --- [BaseJdbcLogger.java:159][http-nio-8080-exec-5] - ==> Parameters: 畅大哥(String), 123456(String)
2019-04-28 15:30:58.352 DEBUG --- [BaseJdbcLogger.java:159][http-nio-8080-exec-5] - <==      Total: 0
2019-04-28 15:31:08.814 DEBUG --- [BaseJdbcLogger.java:159][http-nio-8080-exec-6] - ==>  Preparing: SELECT u.id userId, u.username username, u.password password, u.chinese_name chineseName FROM t_user u WHERE u.username = ? AND u.password = ? AND u.delete_status = '1' 
2019-04-28 15:31:08.815 DEBUG --- [BaseJdbcLogger.java:159][http-nio-8080-exec-6] - ==> Parameters: jichang(String), 123456(String)
2019-04-28 15:31:08.821 DEBUG --- [BaseJdbcLogger.java:159][http-nio-8080-exec-6] - <==      Total: 1
2019-04-28 15:31:09.060 DEBUG --- [BaseJdbcLogger.java:159][http-nio-8080-exec-7] - ==>  Preparing: SELECT u.id userId, u.chinese_name chineseName, u.role_id roleId, r.role_name roleName, p.menu_code menuCode, p.permission_code permissionCode FROM t_user u LEFT JOIN sys_role r ON r.id = u.role_id LEFT JOIN sys_role_permission rp ON u.role_id = rp.role_id LEFT JOIN sys_permission p ON rp.permission_id = p.id AND rp.delete_status = '1' WHERE u.username = ? AND u.delete_status = '1' 
2019-04-28 15:31:09.060 DEBUG --- [BaseJdbcLogger.java:159][http-nio-8080-exec-7] - ==> Parameters: jichang(String)
2019-04-28 15:31:09.095 DEBUG --- [BaseJdbcLogger.java:159][http-nio-8080-exec-7] - <==      Total: 1
2019-04-28 15:31:09.139 DEBUG --- [BaseJdbcLogger.java:159][http-nio-8080-exec-7] - ==>  Preparing: SELECT p.menu_code menuCode FROM sys_permission p ORDER BY p.id 
2019-04-28 15:31:09.140 DEBUG --- [BaseJdbcLogger.java:159][http-nio-8080-exec-7] - ==> Parameters: 
2019-04-28 15:31:09.142 DEBUG --- [BaseJdbcLogger.java:159][http-nio-8080-exec-7] - <==      Total: 10
2019-04-28 15:31:09.143 DEBUG --- [BaseJdbcLogger.java:159][http-nio-8080-exec-7] - ==>  Preparing: SELECT p.permission_code permissionCode FROM sys_permission p ORDER BY p.id 
2019-04-28 15:31:09.143 DEBUG --- [BaseJdbcLogger.java:159][http-nio-8080-exec-7] - ==> Parameters: 
2019-04-28 15:31:09.144 DEBUG --- [BaseJdbcLogger.java:159][http-nio-8080-exec-7] - <==      Total: 10
2019-04-28 15:31:19.710 INFO  --- [UserRealm.java:36][http-nio-8080-exec-8] - permission的值为:{"menuList":["role","user","article"],"roleId":1,"chineseName":"畅大哥","roleName":"管理员","permissionList":["article:list","user:list","user:add","role:update","article:add","role:list","article:update","user:update","role:delete","role:add"],"userId":5}
2019-04-28 15:31:19.710 INFO  --- [UserRealm.java:36][http-nio-8080-exec-9] - permission的值为:{"menuList":["role","user","article"],"roleId":1,"chineseName":"畅大哥","roleName":"管理员","permissionList":["article:list","user:list","user:add","role:update","article:add","role:list","article:update","user:update","role:delete","role:add"],"userId":5}
2019-04-28 15:31:19.710 INFO  --- [UserRealm.java:37][http-nio-8080-exec-9] - 本用户权限为:[article:list, user:list, user:add, role:update, article:add, role:list, article:update, user:update, role:delete, role:add]
2019-04-28 15:31:19.710 INFO  --- [UserRealm.java:37][http-nio-8080-exec-8] - 本用户权限为:[article:list, user:list, user:add, role:update, article:add, role:list, article:update, user:update, role:delete, role:add]
2019-04-28 15:31:19.712 INFO  --- [UserRealm.java:36][http-nio-8080-exec-9] - permission的值为:{"menuList":["role","user","article"],"roleId":1,"chineseName":"畅大哥","roleName":"管理员","permissionList":["article:list","user:list","user:add","role:update","article:add","role:list","article:update","user:update","role:delete","role:add"],"userId":5}
2019-04-28 15:31:19.712 INFO  --- [UserRealm.java:37][http-nio-8080-exec-9] - 本用户权限为:[article:list, user:list, user:add, role:update, article:add, role:list, article:update, user:update, role:delete, role:add]
2019-04-28 15:31:19.718 INFO  --- [UserRealm.java:36][http-nio-8080-exec-8] - permission的值为:{"menuList":["role","user","article"],"roleId":1,"chineseName":"畅大哥","roleName":"管理员","permissionList":["article:list","user:list","user:add","role:update","article:add","role:list","article:update","user:update","role:delete","role:add"],"userId":5}
2019-04-28 15:31:19.718 INFO  --- [UserRealm.java:36][http-nio-8080-exec-9] - permission的值为:{"menuList":["role","user","article"],"roleId":1,"chineseName":"畅大哥","roleName":"管理员","permissionList":["article:list","user:list","user:add","role:update","article:add","role:list","article:update","user:update","role:delete","role:add"],"userId":5}
2019-04-28 15:31:19.719 INFO  --- [UserRealm.java:37][http-nio-8080-exec-8] - 本用户权限为:[article:list, user:list, user:add, role:update, article:add, role:list, article:update, user:update, role:delete, role:add]
2019-04-28 15:31:19.719 INFO  --- [UserRealm.java:37][http-nio-8080-exec-9] - 本用户权限为:[article:list, user:list, user:add, role:update, article:add, role:list, article:update, user:update, role:delete, role:add]
2019-04-28 15:31:19.719 INFO  --- [UserRealm.java:36][http-nio-8080-exec-9] - permission的值为:{"menuList":["role","user","article"],"roleId":1,"chineseName":"畅大哥","roleName":"管理员","permissionList":["article:list","user:list","user:add","role:update","article:add","role:list","article:update","user:update","role:delete","role:add"],"userId":5}
2019-04-28 15:31:19.720 INFO  --- [UserRealm.java:37][http-nio-8080-exec-9] - 本用户权限为:[article:list, user:list, user:add, role:update, article:add, role:list, article:update, user:update, role:delete, role:add]
2019-04-28 15:31:19.730 DEBUG --- [BaseJdbcLogger.java:159][http-nio-8080-exec-8] - ==>  Preparing: SELECT count(0) FROM t_user u WHERE u.delete_status = '1' 
2019-04-28 15:31:19.730 DEBUG --- [BaseJdbcLogger.java:159][http-nio-8080-exec-9] - ==>  Preparing: SELECT id roleId, role_name roleName FROM sys_role WHERE delete_status='1' 
2019-04-28 15:31:19.731 DEBUG --- [BaseJdbcLogger.java:159][http-nio-8080-exec-8] - ==> Parameters: 
2019-04-28 15:31:19.731 DEBUG --- [BaseJdbcLogger.java:159][http-nio-8080-exec-9] - ==> Parameters: 
2019-04-28 15:31:19.732 DEBUG --- [BaseJdbcLogger.java:159][http-nio-8080-exec-8] - <==      Total: 1
2019-04-28 15:31:19.733 DEBUG --- [BaseJdbcLogger.java:159][http-nio-8080-exec-8] - ==>  Preparing: SELECT u.*, r.role_name roleName, CONCAT(p.menu_name, p.permission_name) permissionName FROM ( SELECT id userId, username username, chinese_name chineseName, role_id roleId, login_count loginCount, photoURL photoURL, loginIP loginIP, email email, delete_status deleteStatus, DATE_FORMAT(last_time, '%Y.%m.%d %T') lastTime, DATE_FORMAT(create_time, '%Y.%m.%d %T') createTime, DATE_FORMAT(update_time, '%Y.%m.%d %T') updateTime FROM t_user WHERE delete_status = '1' ORDER BY id LIMIT ?, ? ) u LEFT JOIN sys_role r ON r.id = u.roleId LEFT JOIN sys_role_permission rp ON rp.role_id = r.id LEFT JOIN sys_permission p ON p.id = rp.permission_id ORDER BY u.userId 
2019-04-28 15:31:19.734 DEBUG --- [BaseJdbcLogger.java:159][http-nio-8080-exec-8] - ==> Parameters: 0(Integer), 50(Integer)
2019-04-28 15:31:19.767 DEBUG --- [BaseJdbcLogger.java:159][http-nio-8080-exec-8] - <==      Total: 24
2019-04-28 15:31:19.771 DEBUG --- [BaseJdbcLogger.java:159][http-nio-8080-exec-9] - <==      Total: 3
2019-04-28 15:32:24.801 INFO  --- [UserRealm.java:36][http-nio-8080-exec-10] - permission的值为:{"menuList":["role","user","article"],"roleId":1,"chineseName":"畅大哥","roleName":"管理员","permissionList":["article:list","user:list","user:add","role:update","article:add","role:list","article:update","user:update","role:delete","role:add"],"userId":5}
2019-04-28 15:32:24.801 INFO  --- [UserRealm.java:36][http-nio-8080-exec-1] - permission的值为:{"menuList":["role","user","article"],"roleId":1,"chineseName":"畅大哥","roleName":"管理员","permissionList":["article:list","user:list","user:add","role:update","article:add","role:list","article:update","user:update","role:delete","role:add"],"userId":5}
2019-04-28 15:32:24.801 INFO  --- [UserRealm.java:37][http-nio-8080-exec-10] - 本用户权限为:[article:list, user:list, user:add, role:update, article:add, role:list, article:update, user:update, role:delete, role:add]
2019-04-28 15:32:24.801 INFO  --- [UserRealm.java:37][http-nio-8080-exec-1] - 本用户权限为:[article:list, user:list, user:add, role:update, article:add, role:list, article:update, user:update, role:delete, role:add]
2019-04-28 15:32:24.802 INFO  --- [UserRealm.java:36][http-nio-8080-exec-1] - permission的值为:{"menuList":["role","user","article"],"roleId":1,"chineseName":"畅大哥","roleName":"管理员","permissionList":["article:list","user:list","user:add","role:update","article:add","role:list","article:update","user:update","role:delete","role:add"],"userId":5}
2019-04-28 15:32:24.802 INFO  --- [UserRealm.java:36][http-nio-8080-exec-10] - permission的值为:{"menuList":["role","user","article"],"roleId":1,"chineseName":"畅大哥","roleName":"管理员","permissionList":["article:list","user:list","user:add","role:update","article:add","role:list","article:update","user:update","role:delete","role:add"],"userId":5}
2019-04-28 15:32:24.802 INFO  --- [UserRealm.java:37][http-nio-8080-exec-1] - 本用户权限为:[article:list, user:list, user:add, role:update, article:add, role:list, article:update, user:update, role:delete, role:add]
2019-04-28 15:32:24.802 INFO  --- [UserRealm.java:37][http-nio-8080-exec-10] - 本用户权限为:[article:list, user:list, user:add, role:update, article:add, role:list, article:update, user:update, role:delete, role:add]
2019-04-28 15:32:24.804 DEBUG --- [BaseJdbcLogger.java:159][http-nio-8080-exec-1] - ==>  Preparing: SELECT p.id id, p.menu_name menuName, p.permission_name permissionName, p.required_permission requiredPerm FROM sys_permission p; 
2019-04-28 15:32:24.805 DEBUG --- [BaseJdbcLogger.java:159][http-nio-8080-exec-10] - ==>  Preparing: SELECT r.id roleId, r.role_name roleName, u.id userId, u.chinese_name chineseName, p.id permissionId, p.menu_code menuCode, p.menu_name menuName, p.permission_name permissionName FROM sys_role r LEFT JOIN t_user u ON r.id = u.role_id AND u.delete_status = '1' LEFT JOIN sys_role_permission rp ON r.id = rp.role_id AND rp.delete_status = '1' LEFT JOIN sys_permission p ON rp.permission_id = p.id WHERE r.delete_status = '1' ORDER BY r.id, p.id 
2019-04-28 15:32:24.805 DEBUG --- [BaseJdbcLogger.java:159][http-nio-8080-exec-1] - ==> Parameters: 
2019-04-28 15:32:24.805 DEBUG --- [BaseJdbcLogger.java:159][http-nio-8080-exec-10] - ==> Parameters: 
2019-04-28 15:32:24.808 DEBUG --- [BaseJdbcLogger.java:159][http-nio-8080-exec-1] - <==      Total: 10
2019-04-28 15:32:24.814 DEBUG --- [BaseJdbcLogger.java:159][http-nio-8080-exec-10] - <==      Total: 10
2019-04-28 16:39:46.179 DEBUG --- [BaseJdbcLogger.java:159][http-nio-8080-exec-6] - ==>  Preparing: SELECT u.id userId, u.username username, u.password password, u.chinese_name chineseName FROM t_user u WHERE u.username = ? AND u.password = ? AND u.delete_status = '1' 
2019-04-28 16:39:46.182 DEBUG --- [BaseJdbcLogger.java:159][http-nio-8080-exec-6] - ==> Parameters: admin(String), 123456(String)
2019-04-28 16:39:46.260 DEBUG --- [BaseJdbcLogger.java:159][http-nio-8080-exec-6] - <==      Total: 1
2019-04-28 16:39:46.294 DEBUG --- [BaseJdbcLogger.java:159][http-nio-8080-exec-7] - ==>  Preparing: SELECT u.id userId, u.chinese_name chineseName, u.role_id roleId, r.role_name roleName, p.menu_code menuCode, p.permission_code permissionCode FROM t_user u LEFT JOIN sys_role r ON r.id = u.role_id LEFT JOIN sys_role_permission rp ON u.role_id = rp.role_id LEFT JOIN sys_permission p ON rp.permission_id = p.id AND rp.delete_status = '1' WHERE u.username = ? AND u.delete_status = '1' 
2019-04-28 16:39:46.294 DEBUG --- [BaseJdbcLogger.java:159][http-nio-8080-exec-7] - ==> Parameters: admin(String)
2019-04-28 16:39:46.300 DEBUG --- [BaseJdbcLogger.java:159][http-nio-8080-exec-7] - <==      Total: 1
2019-04-28 16:39:46.301 DEBUG --- [BaseJdbcLogger.java:159][http-nio-8080-exec-7] - ==>  Preparing: SELECT p.menu_code menuCode FROM sys_permission p ORDER BY p.id 
2019-04-28 16:39:46.301 DEBUG --- [BaseJdbcLogger.java:159][http-nio-8080-exec-7] - ==> Parameters: 
2019-04-28 16:39:46.303 DEBUG --- [BaseJdbcLogger.java:159][http-nio-8080-exec-7] - <==      Total: 10
2019-04-28 16:39:46.303 DEBUG --- [BaseJdbcLogger.java:159][http-nio-8080-exec-7] - ==>  Preparing: SELECT p.permission_code permissionCode FROM sys_permission p ORDER BY p.id 
2019-04-28 16:39:46.303 DEBUG --- [BaseJdbcLogger.java:159][http-nio-8080-exec-7] - ==> Parameters: 
2019-04-28 16:39:46.304 DEBUG --- [BaseJdbcLogger.java:159][http-nio-8080-exec-7] - <==      Total: 10
2019-04-28 16:42:06.672 DEBUG --- [BaseJdbcLogger.java:159][http-nio-8080-exec-6] - ==>  Preparing: SELECT u.id userId, u.chinese_name chineseName, u.role_id roleId, r.role_name roleName, p.menu_code menuCode, p.permission_code permissionCode FROM t_user u LEFT JOIN sys_role r ON r.id = u.role_id LEFT JOIN sys_role_permission rp ON u.role_id = rp.role_id LEFT JOIN sys_permission p ON rp.permission_id = p.id AND rp.delete_status = '1' WHERE u.username = ? AND u.delete_status = '1' 
2019-04-28 16:42:06.673 DEBUG --- [BaseJdbcLogger.java:159][http-nio-8080-exec-6] - ==> Parameters: admin(String)
2019-04-28 16:42:06.676 DEBUG --- [BaseJdbcLogger.java:159][http-nio-8080-exec-6] - <==      Total: 1
2019-04-28 16:42:06.677 DEBUG --- [BaseJdbcLogger.java:159][http-nio-8080-exec-6] - ==>  Preparing: SELECT p.menu_code menuCode FROM sys_permission p ORDER BY p.id 
2019-04-28 16:42:06.679 DEBUG --- [BaseJdbcLogger.java:159][http-nio-8080-exec-6] - ==> Parameters: 
2019-04-28 16:42:06.682 DEBUG --- [BaseJdbcLogger.java:159][http-nio-8080-exec-6] - <==      Total: 10
2019-04-28 16:42:06.683 DEBUG --- [BaseJdbcLogger.java:159][http-nio-8080-exec-6] - ==>  Preparing: SELECT p.permission_code permissionCode FROM sys_permission p ORDER BY p.id 
2019-04-28 16:42:06.684 DEBUG --- [BaseJdbcLogger.java:159][http-nio-8080-exec-6] - ==> Parameters: 
2019-04-28 16:42:06.685 DEBUG --- [BaseJdbcLogger.java:159][http-nio-8080-exec-6] - <==      Total: 10
2019-04-28 16:42:14.049 DEBUG --- [BaseJdbcLogger.java:159][http-nio-8080-exec-8] - ==>  Preparing: SELECT u.id userId, u.username username, u.password password, u.chinese_name chineseName FROM t_user u WHERE u.username = ? AND u.password = ? AND u.delete_status = '1' 
2019-04-28 16:42:14.049 DEBUG --- [BaseJdbcLogger.java:159][http-nio-8080-exec-8] - ==> Parameters: admin(String), 123456(String)
2019-04-28 16:42:14.052 DEBUG --- [BaseJdbcLogger.java:159][http-nio-8080-exec-8] - <==      Total: 1
2019-04-28 16:42:14.069 DEBUG --- [BaseJdbcLogger.java:159][http-nio-8080-exec-9] - ==>  Preparing: SELECT u.id userId, u.chinese_name chineseName, u.role_id roleId, r.role_name roleName, p.menu_code menuCode, p.permission_code permissionCode FROM t_user u LEFT JOIN sys_role r ON r.id = u.role_id LEFT JOIN sys_role_permission rp ON u.role_id = rp.role_id LEFT JOIN sys_permission p ON rp.permission_id = p.id AND rp.delete_status = '1' WHERE u.username = ? AND u.delete_status = '1' 
2019-04-28 16:42:14.070 DEBUG --- [BaseJdbcLogger.java:159][http-nio-8080-exec-9] - ==> Parameters: admin(String)
2019-04-28 16:42:14.072 DEBUG --- [BaseJdbcLogger.java:159][http-nio-8080-exec-9] - <==      Total: 1
2019-04-28 16:42:14.073 DEBUG --- [BaseJdbcLogger.java:159][http-nio-8080-exec-9] - ==>  Preparing: SELECT p.menu_code menuCode FROM sys_permission p ORDER BY p.id 
2019-04-28 16:42:14.073 DEBUG --- [BaseJdbcLogger.java:159][http-nio-8080-exec-9] - ==> Parameters: 
2019-04-28 16:42:14.074 DEBUG --- [BaseJdbcLogger.java:159][http-nio-8080-exec-9] - <==      Total: 10
2019-04-28 16:42:14.075 DEBUG --- [BaseJdbcLogger.java:159][http-nio-8080-exec-9] - ==>  Preparing: SELECT p.permission_code permissionCode FROM sys_permission p ORDER BY p.id 
2019-04-28 16:42:14.075 DEBUG --- [BaseJdbcLogger.java:159][http-nio-8080-exec-9] - ==> Parameters: 
2019-04-28 16:42:14.076 DEBUG --- [BaseJdbcLogger.java:159][http-nio-8080-exec-9] - <==      Total: 10
2019-04-28 16:43:46.424 DEBUG --- [BaseJdbcLogger.java:159][http-nio-8080-exec-10] - ==>  Preparing: SELECT u.id userId, u.username username, u.password password, u.chinese_name chineseName FROM t_user u WHERE u.username = ? AND u.password = ? AND u.delete_status = '1' 
2019-04-28 16:43:46.425 DEBUG --- [BaseJdbcLogger.java:159][http-nio-8080-exec-10] - ==> Parameters: admin(String), 123456(String)
2019-04-28 16:43:46.426 DEBUG --- [BaseJdbcLogger.java:159][http-nio-8080-exec-10] - <==      Total: 1
2019-04-28 16:43:46.673 DEBUG --- [BaseJdbcLogger.java:159][http-nio-8080-exec-3] - ==>  Preparing: SELECT u.id userId, u.chinese_name chineseName, u.role_id roleId, r.role_name roleName, p.menu_code menuCode, p.permission_code permissionCode FROM t_user u LEFT JOIN sys_role r ON r.id = u.role_id LEFT JOIN sys_role_permission rp ON u.role_id = rp.role_id LEFT JOIN sys_permission p ON rp.permission_id = p.id AND rp.delete_status = '1' WHERE u.username = ? AND u.delete_status = '1' 
2019-04-28 16:43:46.674 DEBUG --- [BaseJdbcLogger.java:159][http-nio-8080-exec-3] - ==> Parameters: admin(String)
2019-04-28 16:43:46.675 DEBUG --- [BaseJdbcLogger.java:159][http-nio-8080-exec-3] - <==      Total: 1
2019-04-28 16:43:46.675 DEBUG --- [BaseJdbcLogger.java:159][http-nio-8080-exec-3] - ==>  Preparing: SELECT p.menu_code menuCode FROM sys_permission p ORDER BY p.id 
2019-04-28 16:43:46.675 DEBUG --- [BaseJdbcLogger.java:159][http-nio-8080-exec-3] - ==> Parameters: 
2019-04-28 16:43:46.677 DEBUG --- [BaseJdbcLogger.java:159][http-nio-8080-exec-3] - <==      Total: 10
2019-04-28 16:43:46.677 DEBUG --- [BaseJdbcLogger.java:159][http-nio-8080-exec-3] - ==>  Preparing: SELECT p.permission_code permissionCode FROM sys_permission p ORDER BY p.id 
2019-04-28 16:43:46.677 DEBUG --- [BaseJdbcLogger.java:159][http-nio-8080-exec-3] - ==> Parameters: 
2019-04-28 16:43:46.678 DEBUG --- [BaseJdbcLogger.java:159][http-nio-8080-exec-3] - <==      Total: 10
2019-04-28 16:47:11.541 WARN  --- [AbstractHandlerExceptionResolver.java:194][http-nio-8080-exec-2] - Resolved [org.springframework.web.HttpRequestMethodNotSupportedException: Request method 'GET' not supported]
2019-04-28 16:47:24.819 WARN  --- [AbstractHandlerExceptionResolver.java:194][http-nio-8080-exec-5] - Resolved [org.springframework.web.HttpRequestMethodNotSupportedException: Request method 'GET' not supported]
2019-04-28 16:47:33.145 WARN  --- [AbstractHandlerExceptionResolver.java:194][http-nio-8080-exec-6] - Resolved [org.springframework.web.HttpRequestMethodNotSupportedException: Request method 'GET' not supported]
2019-04-28 16:47:38.373 WARN  --- [AbstractHandlerExceptionResolver.java:194][http-nio-8080-exec-8] - Resolved [org.springframework.web.HttpRequestMethodNotSupportedException: Request method 'GET' not supported]
2019-04-28 16:48:59.447 INFO  --- [StartupInfoLogger.java:50][restartedMain] - Starting MyApplication on jimmy with PID 4076 (C:\Users\jimmy\IdeaProjects\Party\target\classes started by jimmy in C:\Users\jimmy\IdeaProjects\Party)
2019-04-28 16:48:59.449 INFO  --- [SpringApplication.java:675][restartedMain] - No active profile set, falling back to default profiles: default
2019-04-28 16:49:01.393 INFO  --- [HikariDataSource.java:110][restartedMain] - HikariPool-1 - Starting...
2019-04-28 16:49:01.467 INFO  --- [HikariDataSource.java:123][restartedMain] - HikariPool-1 - Start completed.
2019-04-28 16:49:01.518 INFO  --- [LogHelper.java:31][restartedMain] - HHH000204: Processing PersistenceUnitInfo [
	name: default
	...]
2019-04-28 16:49:01.570 INFO  --- [Version.java:46][restartedMain] - HHH000412: Hibernate Core {5.3.7.Final}
2019-04-28 16:49:01.572 INFO  --- [Environment.java:213][restartedMain] - HHH000206: hibernate.properties not found
2019-04-28 16:49:01.702 INFO  --- [JavaReflectionManager.java:49][restartedMain] - HCANN000001: Hibernate Commons Annotations {5.0.4.Final}
2019-04-28 16:49:01.823 INFO  --- [Dialect.java:157][restartedMain] - HHH000400: Using dialect: org.hibernate.dialect.MySQL5Dialect
2019-04-28 16:49:02.627 WARN  --- [JpaBaseConfiguration.java:234][restartedMain] - spring.jpa.open-in-view is enabled by default. Therefore, database queries may be performed during view rendering. Explicitly configure spring.jpa.open-in-view to disable this warning
2019-04-28 16:49:02.919 INFO  --- [StartupInfoLogger.java:59][restartedMain] - Started MyApplication in 3.789 seconds (JVM running for 4.511)
2019-04-28 16:49:19.099 DEBUG --- [BaseJdbcLogger.java:159][http-nio-8080-exec-4] - ==>  Preparing: SELECT u.id userId, u.username username, u.password password, u.chinese_name chineseName FROM t_user u WHERE u.username = ? AND u.password = ? AND u.delete_status = '1' 
2019-04-28 16:49:19.116 DEBUG --- [BaseJdbcLogger.java:159][http-nio-8080-exec-4] - ==> Parameters: admin(String), 123456(String)
2019-04-28 16:49:19.151 DEBUG --- [BaseJdbcLogger.java:159][http-nio-8080-exec-4] - <==      Total: 1
2019-04-28 16:49:19.194 DEBUG --- [BaseJdbcLogger.java:159][http-nio-8080-exec-5] - ==>  Preparing: SELECT u.id userId, u.chinese_name chineseName, u.role_id roleId, r.role_name roleName, p.menu_code menuCode, p.permission_code permissionCode FROM t_user u LEFT JOIN sys_role r ON r.id = u.role_id LEFT JOIN sys_role_permission rp ON u.role_id = rp.role_id LEFT JOIN sys_permission p ON rp.permission_id = p.id AND rp.delete_status = '1' WHERE u.username = ? AND u.delete_status = '1' 
2019-04-28 16:49:19.194 DEBUG --- [BaseJdbcLogger.java:159][http-nio-8080-exec-5] - ==> Parameters: admin(String)
2019-04-28 16:49:19.196 DEBUG --- [BaseJdbcLogger.java:159][http-nio-8080-exec-5] - <==      Total: 1
2019-04-28 16:49:19.209 DEBUG --- [BaseJdbcLogger.java:159][http-nio-8080-exec-5] - ==>  Preparing: SELECT p.menu_code menuCode FROM sys_permission p ORDER BY p.id 
2019-04-28 16:49:19.210 DEBUG --- [BaseJdbcLogger.java:159][http-nio-8080-exec-5] - ==> Parameters: 
2019-04-28 16:49:19.217 DEBUG --- [BaseJdbcLogger.java:159][http-nio-8080-exec-5] - <==      Total: 10
2019-04-28 16:49:19.219 DEBUG --- [BaseJdbcLogger.java:159][http-nio-8080-exec-5] - ==>  Preparing: SELECT p.permission_code permissionCode FROM sys_permission p ORDER BY p.id 
2019-04-28 16:49:19.219 DEBUG --- [BaseJdbcLogger.java:159][http-nio-8080-exec-5] - ==> Parameters: 
2019-04-28 16:49:19.221 DEBUG --- [BaseJdbcLogger.java:159][http-nio-8080-exec-5] - <==      Total: 10
2019-04-28 16:49:30.045 DEBUG --- [BaseJdbcLogger.java:159][http-nio-8080-exec-6] - ==>  Preparing: SELECT u.id userId, u.chinese_name chineseName, u.role_id roleId, r.role_name roleName, p.menu_code menuCode, p.permission_code permissionCode FROM t_user u LEFT JOIN sys_role r ON r.id = u.role_id LEFT JOIN sys_role_permission rp ON u.role_id = rp.role_id LEFT JOIN sys_permission p ON rp.permission_id = p.id AND rp.delete_status = '1' WHERE u.username = ? AND u.delete_status = '1' 
2019-04-28 16:49:30.046 DEBUG --- [BaseJdbcLogger.java:159][http-nio-8080-exec-6] - ==> Parameters: admin(String)
2019-04-28 16:49:30.048 DEBUG --- [BaseJdbcLogger.java:159][http-nio-8080-exec-6] - <==      Total: 1
2019-04-28 16:49:30.049 DEBUG --- [BaseJdbcLogger.java:159][http-nio-8080-exec-6] - ==>  Preparing: SELECT p.menu_code menuCode FROM sys_permission p ORDER BY p.id 
2019-04-28 16:49:30.049 DEBUG --- [BaseJdbcLogger.java:159][http-nio-8080-exec-6] - ==> Parameters: 
2019-04-28 16:49:30.051 DEBUG --- [BaseJdbcLogger.java:159][http-nio-8080-exec-6] - <==      Total: 10
2019-04-28 16:49:30.052 DEBUG --- [BaseJdbcLogger.java:159][http-nio-8080-exec-6] - ==>  Preparing: SELECT p.permission_code permissionCode FROM sys_permission p ORDER BY p.id 
2019-04-28 16:49:30.052 DEBUG --- [BaseJdbcLogger.java:159][http-nio-8080-exec-6] - ==> Parameters: 
2019-04-28 16:49:30.054 DEBUG --- [BaseJdbcLogger.java:159][http-nio-8080-exec-6] - <==      Total: 10
2019-04-28 16:50:13.493 DEBUG --- [BaseJdbcLogger.java:159][http-nio-8080-exec-8] - ==>  Preparing: SELECT u.id userId, u.chinese_name chineseName, u.role_id roleId, r.role_name roleName, p.menu_code menuCode, p.permission_code permissionCode FROM t_user u LEFT JOIN sys_role r ON r.id = u.role_id LEFT JOIN sys_role_permission rp ON u.role_id = rp.role_id LEFT JOIN sys_permission p ON rp.permission_id = p.id AND rp.delete_status = '1' WHERE u.username = ? AND u.delete_status = '1' 
2019-04-28 16:50:13.494 DEBUG --- [BaseJdbcLogger.java:159][http-nio-8080-exec-8] - ==> Parameters: admin(String)
2019-04-28 16:50:13.496 DEBUG --- [BaseJdbcLogger.java:159][http-nio-8080-exec-8] - <==      Total: 1
2019-04-28 16:50:13.497 DEBUG --- [BaseJdbcLogger.java:159][http-nio-8080-exec-8] - ==>  Preparing: SELECT p.menu_code menuCode FROM sys_permission p ORDER BY p.id 
2019-04-28 16:50:13.497 DEBUG --- [BaseJdbcLogger.java:159][http-nio-8080-exec-8] - ==> Parameters: 
2019-04-28 16:50:13.499 DEBUG --- [BaseJdbcLogger.java:159][http-nio-8080-exec-8] - <==      Total: 10
2019-04-28 16:50:13.500 DEBUG --- [BaseJdbcLogger.java:159][http-nio-8080-exec-8] - ==>  Preparing: SELECT p.permission_code permissionCode FROM sys_permission p ORDER BY p.id 
2019-04-28 16:50:13.500 DEBUG --- [BaseJdbcLogger.java:159][http-nio-8080-exec-8] - ==> Parameters: 
2019-04-28 16:50:13.514 DEBUG --- [BaseJdbcLogger.java:159][http-nio-8080-exec-8] - <==      Total: 10
2019-04-28 16:50:14.669 DEBUG --- [BaseJdbcLogger.java:159][http-nio-8080-exec-10] - ==>  Preparing: SELECT u.id userId, u.chinese_name chineseName, u.role_id roleId, r.role_name roleName, p.menu_code menuCode, p.permission_code permissionCode FROM t_user u LEFT JOIN sys_role r ON r.id = u.role_id LEFT JOIN sys_role_permission rp ON u.role_id = rp.role_id LEFT JOIN sys_permission p ON rp.permission_id = p.id AND rp.delete_status = '1' WHERE u.username = ? AND u.delete_status = '1' 
2019-04-28 16:50:14.670 DEBUG --- [BaseJdbcLogger.java:159][http-nio-8080-exec-10] - ==> Parameters: admin(String)
2019-04-28 16:50:14.671 DEBUG --- [BaseJdbcLogger.java:159][http-nio-8080-exec-10] - <==      Total: 1
2019-04-28 16:50:14.672 DEBUG --- [BaseJdbcLogger.java:159][http-nio-8080-exec-10] - ==>  Preparing: SELECT p.menu_code menuCode FROM sys_permission p ORDER BY p.id 
2019-04-28 16:50:14.672 DEBUG --- [BaseJdbcLogger.java:159][http-nio-8080-exec-10] - ==> Parameters: 
2019-04-28 16:50:14.673 DEBUG --- [BaseJdbcLogger.java:159][http-nio-8080-exec-10] - <==      Total: 10
2019-04-28 16:50:14.673 DEBUG --- [BaseJdbcLogger.java:159][http-nio-8080-exec-10] - ==>  Preparing: SELECT p.permission_code permissionCode FROM sys_permission p ORDER BY p.id 
2019-04-28 16:50:14.673 DEBUG --- [BaseJdbcLogger.java:159][http-nio-8080-exec-10] - ==> Parameters: 
2019-04-28 16:50:14.674 DEBUG --- [BaseJdbcLogger.java:159][http-nio-8080-exec-10] - <==      Total: 10
2019-04-28 16:50:15.972 DEBUG --- [BaseJdbcLogger.java:159][http-nio-8080-exec-3] - ==>  Preparing: SELECT u.id userId, u.chinese_name chineseName, u.role_id roleId, r.role_name roleName, p.menu_code menuCode, p.permission_code permissionCode FROM t_user u LEFT JOIN sys_role r ON r.id = u.role_id LEFT JOIN sys_role_permission rp ON u.role_id = rp.role_id LEFT JOIN sys_permission p ON rp.permission_id = p.id AND rp.delete_status = '1' WHERE u.username = ? AND u.delete_status = '1' 
2019-04-28 16:50:15.972 DEBUG --- [BaseJdbcLogger.java:159][http-nio-8080-exec-3] - ==> Parameters: admin(String)
2019-04-28 16:50:15.973 DEBUG --- [BaseJdbcLogger.java:159][http-nio-8080-exec-3] - <==      Total: 1
2019-04-28 16:50:15.974 DEBUG --- [BaseJdbcLogger.java:159][http-nio-8080-exec-3] - ==>  Preparing: SELECT p.menu_code menuCode FROM sys_permission p ORDER BY p.id 
2019-04-28 16:50:15.974 DEBUG --- [BaseJdbcLogger.java:159][http-nio-8080-exec-3] - ==> Parameters: 
2019-04-28 16:50:15.975 DEBUG --- [BaseJdbcLogger.java:159][http-nio-8080-exec-3] - <==      Total: 10
2019-04-28 16:50:15.975 DEBUG --- [BaseJdbcLogger.java:159][http-nio-8080-exec-3] - ==>  Preparing: SELECT p.permission_code permissionCode FROM sys_permission p ORDER BY p.id 
2019-04-28 16:50:15.976 DEBUG --- [BaseJdbcLogger.java:159][http-nio-8080-exec-3] - ==> Parameters: 
2019-04-28 16:50:15.977 DEBUG --- [BaseJdbcLogger.java:159][http-nio-8080-exec-3] - <==      Total: 10
2019-04-28 16:50:19.645 DEBUG --- [BaseJdbcLogger.java:159][http-nio-8080-exec-4] - ==>  Preparing: SELECT u.id userId, u.chinese_name chineseName, u.role_id roleId, r.role_name roleName, p.menu_code menuCode, p.permission_code permissionCode FROM t_user u LEFT JOIN sys_role r ON r.id = u.role_id LEFT JOIN sys_role_permission rp ON u.role_id = rp.role_id LEFT JOIN sys_permission p ON rp.permission_id = p.id AND rp.delete_status = '1' WHERE u.username = ? AND u.delete_status = '1' 
2019-04-28 16:50:19.645 DEBUG --- [BaseJdbcLogger.java:159][http-nio-8080-exec-4] - ==> Parameters: admin(String)
2019-04-28 16:50:19.647 DEBUG --- [BaseJdbcLogger.java:159][http-nio-8080-exec-4] - <==      Total: 1
2019-04-28 16:50:19.647 DEBUG --- [BaseJdbcLogger.java:159][http-nio-8080-exec-4] - ==>  Preparing: SELECT p.menu_code menuCode FROM sys_permission p ORDER BY p.id 
2019-04-28 16:50:19.648 DEBUG --- [BaseJdbcLogger.java:159][http-nio-8080-exec-4] - ==> Parameters: 
2019-04-28 16:50:19.648 DEBUG --- [BaseJdbcLogger.java:159][http-nio-8080-exec-4] - <==      Total: 10
2019-04-28 16:50:19.649 DEBUG --- [BaseJdbcLogger.java:159][http-nio-8080-exec-4] - ==>  Preparing: SELECT p.permission_code permissionCode FROM sys_permission p ORDER BY p.id 
2019-04-28 16:50:19.649 DEBUG --- [BaseJdbcLogger.java:159][http-nio-8080-exec-4] - ==> Parameters: 
2019-04-28 16:50:19.650 DEBUG --- [BaseJdbcLogger.java:159][http-nio-8080-exec-4] - <==      Total: 10
2019-04-28 16:50:43.678 INFO  --- [StartupInfoLogger.java:50][restartedMain] - Starting MyApplication on jimmy with PID 1620 (C:\Users\jimmy\IdeaProjects\Party\target\classes started by jimmy in C:\Users\jimmy\IdeaProjects\Party)
2019-04-28 16:50:43.681 INFO  --- [SpringApplication.java:675][restartedMain] - No active profile set, falling back to default profiles: default
2019-04-28 16:50:45.741 INFO  --- [HikariDataSource.java:110][restartedMain] - HikariPool-1 - Starting...
2019-04-28 16:50:45.820 INFO  --- [HikariDataSource.java:123][restartedMain] - HikariPool-1 - Start completed.
2019-04-28 16:50:45.873 INFO  --- [LogHelper.java:31][restartedMain] - HHH000204: Processing PersistenceUnitInfo [
	name: default
	...]
2019-04-28 16:50:45.928 INFO  --- [Version.java:46][restartedMain] - HHH000412: Hibernate Core {5.3.7.Final}
2019-04-28 16:50:45.930 INFO  --- [Environment.java:213][restartedMain] - HHH000206: hibernate.properties not found
2019-04-28 16:50:46.049 INFO  --- [JavaReflectionManager.java:49][restartedMain] - HCANN000001: Hibernate Commons Annotations {5.0.4.Final}
2019-04-28 16:50:46.167 INFO  --- [Dialect.java:157][restartedMain] - HHH000400: Using dialect: org.hibernate.dialect.MySQL5Dialect
2019-04-28 16:50:46.967 WARN  --- [JpaBaseConfiguration.java:234][restartedMain] - spring.jpa.open-in-view is enabled by default. Therefore, database queries may be performed during view rendering. Explicitly configure spring.jpa.open-in-view to disable this warning
2019-04-28 16:50:47.270 INFO  --- [StartupInfoLogger.java:59][restartedMain] - Started MyApplication in 3.915 seconds (JVM running for 4.677)
2019-04-28 18:41:58.949 WARN  --- [HikariPool.java:766][HikariPool-1 housekeeper] - HikariPool-1 - Thread starvation or clock leap detected (housekeeper delta=1h34m43s77ms124µs836ns).
