2019-04-18 11:13:39.822 DEBUG --- [BaseJdbcLogger.java:159][http-nio-8080-exec-7] - ==>  Preparing: SELECT u.id userId, u.username username, u.password password, u.nickname nickName FROM sys_user u WHERE u.username = ? AND u.password = ? AND u.delete_status = '1' 
2019-04-18 11:13:39.835 DEBUG --- [BaseJdbcLogger.java:159][http-nio-8080-exec-7] - ==> Parameters: admin(String), 123456(String)
2019-04-18 11:13:39.837 DEBUG --- [BaseJdbcLogger.java:159][http-nio-8080-exec-7] - <==      Total: 1
2019-04-18 11:13:39.875 DEBUG --- [BaseJdbcLogger.java:159][http-nio-8080-exec-10] - ==>  Preparing: SELECT u.id userId, u.nickname nickname, u.role_id roleId, r.role_name roleName, p.menu_code menuCode, p.permission_code permissionCode FROM sys_user u LEFT JOIN sys_role r ON r.id = u.role_id LEFT JOIN sys_role_permission rp ON u.role_id = rp.role_id LEFT JOIN sys_permission p ON rp.permission_id = p.id AND rp.delete_status = '1' WHERE u.username = ? AND u.delete_status = '1' 
2019-04-18 11:13:39.876 DEBUG --- [BaseJdbcLogger.java:159][http-nio-8080-exec-10] - ==> Parameters: admin(String)
2019-04-18 11:13:39.879 DEBUG --- [BaseJdbcLogger.java:159][http-nio-8080-exec-10] - <==      Total: 1
2019-04-18 11:13:39.880 DEBUG --- [BaseJdbcLogger.java:159][http-nio-8080-exec-10] - ==>  Preparing: SELECT p.menu_code menuCode FROM sys_permission p ORDER BY p.id 
2019-04-18 11:13:39.881 DEBUG --- [BaseJdbcLogger.java:159][http-nio-8080-exec-10] - ==> Parameters: 
2019-04-18 11:13:39.883 DEBUG --- [BaseJdbcLogger.java:159][http-nio-8080-exec-10] - <==      Total: 10
2019-04-18 11:13:39.884 DEBUG --- [BaseJdbcLogger.java:159][http-nio-8080-exec-10] - ==>  Preparing: SELECT p.permission_code permissionCode FROM sys_permission p ORDER BY p.id 
2019-04-18 11:13:39.884 DEBUG --- [BaseJdbcLogger.java:159][http-nio-8080-exec-10] - ==> Parameters: 
2019-04-18 11:13:39.885 DEBUG --- [BaseJdbcLogger.java:159][http-nio-8080-exec-10] - <==      Total: 10
2019-04-18 11:13:43.288 INFO  --- [UserRealm.java:36][http-nio-8080-exec-9] - permission的值为:{"menuList":["role","user","article"],"roleId":1,"nickname":"超级用户23","roleName":"管理员","permissionList":["article:list","user:list","user:add","role:update","article:add","role:list","article:update","user:update","role:delete","role:add"],"userId":10003}
2019-04-18 11:13:43.288 INFO  --- [UserRealm.java:36][http-nio-8080-exec-8] - permission的值为:{"menuList":["role","user","article"],"roleId":1,"nickname":"超级用户23","roleName":"管理员","permissionList":["article:list","user:list","user:add","role:update","article:add","role:list","article:update","user:update","role:delete","role:add"],"userId":10003}
2019-04-18 11:13:43.293 INFO  --- [UserRealm.java:37][http-nio-8080-exec-9] - 本用户权限为:[article:list, user:list, user:add, role:update, article:add, role:list, article:update, user:update, role:delete, role:add]
2019-04-18 11:13:43.293 INFO  --- [UserRealm.java:37][http-nio-8080-exec-8] - 本用户权限为:[article:list, user:list, user:add, role:update, article:add, role:list, article:update, user:update, role:delete, role:add]
2019-04-18 11:13:43.293 INFO  --- [UserRealm.java:36][http-nio-8080-exec-8] - permission的值为:{"menuList":["role","user","article"],"roleId":1,"nickname":"超级用户23","roleName":"管理员","permissionList":["article:list","user:list","user:add","role:update","article:add","role:list","article:update","user:update","role:delete","role:add"],"userId":10003}
2019-04-18 11:13:43.294 INFO  --- [UserRealm.java:37][http-nio-8080-exec-8] - 本用户权限为:[article:list, user:list, user:add, role:update, article:add, role:list, article:update, user:update, role:delete, role:add]
2019-04-18 11:13:43.295 DEBUG --- [BaseJdbcLogger.java:159][http-nio-8080-exec-9] - ==>  Preparing: SELECT count(0) FROM sys_user u WHERE u.delete_status = '1' 
2019-04-18 11:13:43.295 DEBUG --- [BaseJdbcLogger.java:159][http-nio-8080-exec-8] - ==>  Preparing: SELECT id roleId, role_name roleName FROM sys_role WHERE delete_status='1' 
2019-04-18 11:13:43.296 DEBUG --- [BaseJdbcLogger.java:159][http-nio-8080-exec-9] - ==> Parameters: 
2019-04-18 11:13:43.296 DEBUG --- [BaseJdbcLogger.java:159][http-nio-8080-exec-8] - ==> Parameters: 
2019-04-18 11:13:43.298 DEBUG --- [BaseJdbcLogger.java:159][http-nio-8080-exec-9] - <==      Total: 1
2019-04-18 11:13:43.298 DEBUG --- [BaseJdbcLogger.java:159][http-nio-8080-exec-8] - <==      Total: 3
2019-04-18 11:13:43.299 DEBUG --- [BaseJdbcLogger.java:159][http-nio-8080-exec-9] - ==>  Preparing: SELECT u.*, r.role_name roleName, CONCAT(p.menu_name, p.permission_name) permissionName FROM ( SELECT id userId, username username, nickname nickname, role_id roleId, delete_status deleteStatus, DATE_FORMAT(create_time, '%Y.%m.%d %T') createTime, DATE_FORMAT(update_time, '%Y.%m.%d %T') updateTime FROM sys_user WHERE delete_status = '1' ORDER BY id LIMIT ?, ? ) u LEFT JOIN sys_role r ON r.id = u.roleId LEFT JOIN sys_role_permission rp ON rp.role_id = r.id LEFT JOIN sys_permission p ON p.id = rp.permission_id ORDER BY u.userId 
2019-04-18 11:13:43.299 DEBUG --- [BaseJdbcLogger.java:159][http-nio-8080-exec-9] - ==> Parameters: 0(Integer), 50(Integer)
2019-04-18 11:13:43.304 DEBUG --- [BaseJdbcLogger.java:159][http-nio-8080-exec-9] - <==      Total: 20
2019-04-18 11:13:44.441 INFO  --- [UserRealm.java:36][http-nio-8080-exec-1] - permission的值为:{"menuList":["role","user","article"],"roleId":1,"nickname":"超级用户23","roleName":"管理员","permissionList":["article:list","user:list","user:add","role:update","article:add","role:list","article:update","user:update","role:delete","role:add"],"userId":10003}
2019-04-18 11:13:44.441 INFO  --- [UserRealm.java:37][http-nio-8080-exec-1] - 本用户权限为:[article:list, user:list, user:add, role:update, article:add, role:list, article:update, user:update, role:delete, role:add]
2019-04-18 11:13:44.442 DEBUG --- [BaseJdbcLogger.java:159][http-nio-8080-exec-1] - ==>  Preparing: SELECT r.id roleId, r.role_name roleName, u.id userId, u.nickname nickname, p.id permissionId, p.menu_code menuCode, p.menu_name menuName, p.permission_name permissionName FROM sys_role r LEFT JOIN sys_user u ON r.id = u.role_id AND u.delete_status = '1' LEFT JOIN sys_role_permission rp ON r.id = rp.role_id AND rp.delete_status = '1' LEFT JOIN sys_permission p ON rp.permission_id = p.id WHERE r.delete_status = '1' ORDER BY r.id, p.id 
2019-04-18 11:13:44.443 DEBUG --- [BaseJdbcLogger.java:159][http-nio-8080-exec-1] - ==> Parameters: 
2019-04-18 11:13:44.447 DEBUG --- [BaseJdbcLogger.java:159][http-nio-8080-exec-1] - <==      Total: 16
2019-04-18 11:13:44.734 INFO  --- [UserRealm.java:36][http-nio-8080-exec-2] - permission的值为:{"menuList":["role","user","article"],"roleId":1,"nickname":"超级用户23","roleName":"管理员","permissionList":["article:list","user:list","user:add","role:update","article:add","role:list","article:update","user:update","role:delete","role:add"],"userId":10003}
2019-04-18 11:13:44.735 INFO  --- [UserRealm.java:37][http-nio-8080-exec-2] - 本用户权限为:[article:list, user:list, user:add, role:update, article:add, role:list, article:update, user:update, role:delete, role:add]
2019-04-18 11:13:44.737 DEBUG --- [BaseJdbcLogger.java:159][http-nio-8080-exec-2] - ==>  Preparing: SELECT p.id id, p.menu_name menuName, p.permission_name permissionName, p.required_permission requiredPerm FROM sys_permission p; 
2019-04-18 11:13:44.737 DEBUG --- [BaseJdbcLogger.java:159][http-nio-8080-exec-2] - ==> Parameters: 
2019-04-18 11:13:44.740 DEBUG --- [BaseJdbcLogger.java:159][http-nio-8080-exec-2] - <==      Total: 10
2019-04-18 11:13:49.660 INFO  --- [UserRealm.java:36][http-nio-8080-exec-4] - permission的值为:{"menuList":["role","user","article"],"roleId":1,"nickname":"超级用户23","roleName":"管理员","permissionList":["article:list","user:list","user:add","role:update","article:add","role:list","article:update","user:update","role:delete","role:add"],"userId":10003}
2019-04-18 11:13:49.660 INFO  --- [UserRealm.java:37][http-nio-8080-exec-4] - 本用户权限为:[article:list, user:list, user:add, role:update, article:add, role:list, article:update, user:update, role:delete, role:add]
2019-04-18 11:13:49.662 DEBUG --- [BaseJdbcLogger.java:159][http-nio-8080-exec-4] - ==>  Preparing: SELECT r.id roleId, r.role_name roleName, u.id userId, p.id permissionId FROM sys_role r LEFT JOIN sys_user u ON r.id = u.role_id AND u.delete_status = '1' LEFT JOIN sys_role_permission rp ON r.id = rp.role_id AND rp.delete_status = '1' LEFT JOIN sys_permission p ON rp.permission_id = p.id WHERE r.id = ? 
2019-04-18 11:13:49.663 DEBUG --- [BaseJdbcLogger.java:159][http-nio-8080-exec-4] - ==> Parameters: 2(Integer)
2019-04-18 11:13:49.664 DEBUG --- [BaseJdbcLogger.java:159][http-nio-8080-exec-4] - <==      Total: 6
2019-04-18 11:13:49.666 DEBUG --- [BaseJdbcLogger.java:159][http-nio-8080-exec-4] - ==>  Preparing: insert into sys_role_permission (role_id, permission_id) values (?, ?) , (?, ?) , (?, ?) , (?, ?) 
2019-04-18 11:13:49.666 DEBUG --- [BaseJdbcLogger.java:159][http-nio-8080-exec-4] - ==> Parameters: 2(String), 701(Integer), 2(String), 702(Integer), 2(String), 703(Integer), 2(String), 704(Integer)
2019-04-18 11:13:49.667 DEBUG --- [BaseJdbcLogger.java:159][http-nio-8080-exec-4] - <==    Updates: 4
2019-04-18 11:13:49.892 INFO  --- [UserRealm.java:36][http-nio-8080-exec-5] - permission的值为:{"menuList":["role","user","article"],"roleId":1,"nickname":"超级用户23","roleName":"管理员","permissionList":["article:list","user:list","user:add","role:update","article:add","role:list","article:update","user:update","role:delete","role:add"],"userId":10003}
2019-04-18 11:13:49.893 INFO  --- [UserRealm.java:37][http-nio-8080-exec-5] - 本用户权限为:[article:list, user:list, user:add, role:update, article:add, role:list, article:update, user:update, role:delete, role:add]
2019-04-18 11:13:49.893 DEBUG --- [BaseJdbcLogger.java:159][http-nio-8080-exec-5] - ==>  Preparing: SELECT r.id roleId, r.role_name roleName, u.id userId, u.nickname nickname, p.id permissionId, p.menu_code menuCode, p.menu_name menuName, p.permission_name permissionName FROM sys_role r LEFT JOIN sys_user u ON r.id = u.role_id AND u.delete_status = '1' LEFT JOIN sys_role_permission rp ON r.id = rp.role_id AND rp.delete_status = '1' LEFT JOIN sys_permission p ON rp.permission_id = p.id WHERE r.delete_status = '1' ORDER BY r.id, p.id 
2019-04-18 11:13:49.894 DEBUG --- [BaseJdbcLogger.java:159][http-nio-8080-exec-5] - ==> Parameters: 
2019-04-18 11:13:49.899 DEBUG --- [BaseJdbcLogger.java:159][http-nio-8080-exec-5] - <==      Total: 20
2019-04-18 11:14:25.076 INFO  --- [UserRealm.java:36][http-nio-8080-exec-3] - permission的值为:{"menuList":["role","user","article"],"roleId":1,"nickname":"超级用户23","roleName":"管理员","permissionList":["article:list","user:list","user:add","role:update","article:add","role:list","article:update","user:update","role:delete","role:add"],"userId":10003}
2019-04-18 11:14:25.076 INFO  --- [UserRealm.java:37][http-nio-8080-exec-3] - 本用户权限为:[article:list, user:list, user:add, role:update, article:add, role:list, article:update, user:update, role:delete, role:add]
2019-04-18 11:14:25.079 DEBUG --- [BaseJdbcLogger.java:159][http-nio-8080-exec-3] - ==>  Preparing: SELECT r.id roleId, r.role_name roleName, u.id userId, p.id permissionId FROM sys_role r LEFT JOIN sys_user u ON r.id = u.role_id AND u.delete_status = '1' LEFT JOIN sys_role_permission rp ON r.id = rp.role_id AND rp.delete_status = '1' LEFT JOIN sys_permission p ON rp.permission_id = p.id WHERE r.id = ? 
2019-04-18 11:14:25.080 DEBUG --- [BaseJdbcLogger.java:159][http-nio-8080-exec-3] - ==> Parameters: 2(Integer)
2019-04-18 11:14:25.082 DEBUG --- [BaseJdbcLogger.java:159][http-nio-8080-exec-3] - <==      Total: 10
2019-04-18 11:14:25.084 DEBUG --- [BaseJdbcLogger.java:159][http-nio-8080-exec-3] - ==>  Preparing: UPDATE sys_role_permission SET delete_status = '2' WHERE role_id = ? AND permission_id in ( ? , ? , ? , ? ) 
2019-04-18 11:14:25.084 DEBUG --- [BaseJdbcLogger.java:159][http-nio-8080-exec-3] - ==> Parameters: 2(String), 704(Integer), 701(Integer), 702(Integer), 703(Integer)
2019-04-18 11:14:25.085 DEBUG --- [BaseJdbcLogger.java:159][http-nio-8080-exec-3] - <==    Updates: 8
2019-04-18 11:14:25.325 INFO  --- [UserRealm.java:36][http-nio-8080-exec-6] - permission的值为:{"menuList":["role","user","article"],"roleId":1,"nickname":"超级用户23","roleName":"管理员","permissionList":["article:list","user:list","user:add","role:update","article:add","role:list","article:update","user:update","role:delete","role:add"],"userId":10003}
2019-04-18 11:14:25.325 INFO  --- [UserRealm.java:37][http-nio-8080-exec-6] - 本用户权限为:[article:list, user:list, user:add, role:update, article:add, role:list, article:update, user:update, role:delete, role:add]
2019-04-18 11:14:25.326 DEBUG --- [BaseJdbcLogger.java:159][http-nio-8080-exec-6] - ==>  Preparing: SELECT r.id roleId, r.role_name roleName, u.id userId, u.nickname nickname, p.id permissionId, p.menu_code menuCode, p.menu_name menuName, p.permission_name permissionName FROM sys_role r LEFT JOIN sys_user u ON r.id = u.role_id AND u.delete_status = '1' LEFT JOIN sys_role_permission rp ON r.id = rp.role_id AND rp.delete_status = '1' LEFT JOIN sys_permission p ON rp.permission_id = p.id WHERE r.delete_status = '1' ORDER BY r.id, p.id 
2019-04-18 11:14:25.327 DEBUG --- [BaseJdbcLogger.java:159][http-nio-8080-exec-6] - ==> Parameters: 
2019-04-18 11:14:25.338 DEBUG --- [BaseJdbcLogger.java:159][http-nio-8080-exec-6] - <==      Total: 16
2019-04-18 11:14:32.498 INFO  --- [UserRealm.java:36][http-nio-8080-exec-7] - permission的值为:{"menuList":["role","user","article"],"roleId":1,"nickname":"超级用户23","roleName":"管理员","permissionList":["article:list","user:list","user:add","role:update","article:add","role:list","article:update","user:update","role:delete","role:add"],"userId":10003}
2019-04-18 11:14:32.499 INFO  --- [UserRealm.java:37][http-nio-8080-exec-7] - 本用户权限为:[article:list, user:list, user:add, role:update, article:add, role:list, article:update, user:update, role:delete, role:add]
2019-04-18 11:14:32.500 DEBUG --- [BaseJdbcLogger.java:159][http-nio-8080-exec-7] - ==>  Preparing: SELECT r.id roleId, r.role_name roleName, u.id userId, p.id permissionId FROM sys_role r LEFT JOIN sys_user u ON r.id = u.role_id AND u.delete_status = '1' LEFT JOIN sys_role_permission rp ON r.id = rp.role_id AND rp.delete_status = '1' LEFT JOIN sys_permission p ON rp.permission_id = p.id WHERE r.id = ? 
2019-04-18 11:14:32.501 DEBUG --- [BaseJdbcLogger.java:159][http-nio-8080-exec-7] - ==> Parameters: 3(Integer)
2019-04-18 11:14:32.502 DEBUG --- [BaseJdbcLogger.java:159][http-nio-8080-exec-7] - <==      Total: 7
2019-04-18 11:14:32.503 DEBUG --- [BaseJdbcLogger.java:159][http-nio-8080-exec-7] - ==>  Preparing: UPDATE sys_role_permission SET delete_status = '2' WHERE role_id = ? AND permission_id in ( ? , ? ) 
2019-04-18 11:14:32.503 DEBUG --- [BaseJdbcLogger.java:159][http-nio-8080-exec-7] - ==> Parameters: 3(String), 704(Integer), 702(Integer)
2019-04-18 11:14:32.504 DEBUG --- [BaseJdbcLogger.java:159][http-nio-8080-exec-7] - <==    Updates: 2
2019-04-18 11:14:32.972 INFO  --- [UserRealm.java:36][http-nio-8080-exec-10] - permission的值为:{"menuList":["role","user","article"],"roleId":1,"nickname":"超级用户23","roleName":"管理员","permissionList":["article:list","user:list","user:add","role:update","article:add","role:list","article:update","user:update","role:delete","role:add"],"userId":10003}
2019-04-18 11:14:32.973 INFO  --- [UserRealm.java:37][http-nio-8080-exec-10] - 本用户权限为:[article:list, user:list, user:add, role:update, article:add, role:list, article:update, user:update, role:delete, role:add]
2019-04-18 11:14:32.974 DEBUG --- [BaseJdbcLogger.java:159][http-nio-8080-exec-10] - ==>  Preparing: SELECT r.id roleId, r.role_name roleName, u.id userId, u.nickname nickname, p.id permissionId, p.menu_code menuCode, p.menu_name menuName, p.permission_name permissionName FROM sys_role r LEFT JOIN sys_user u ON r.id = u.role_id AND u.delete_status = '1' LEFT JOIN sys_role_permission rp ON r.id = rp.role_id AND rp.delete_status = '1' LEFT JOIN sys_permission p ON rp.permission_id = p.id WHERE r.delete_status = '1' ORDER BY r.id, p.id 
2019-04-18 11:14:32.974 DEBUG --- [BaseJdbcLogger.java:159][http-nio-8080-exec-10] - ==> Parameters: 
2019-04-18 11:14:32.979 DEBUG --- [BaseJdbcLogger.java:159][http-nio-8080-exec-10] - <==      Total: 14
2019-04-18 11:14:56.198 INFO  --- [UserRealm.java:36][http-nio-8080-exec-8] - permission的值为:{"menuList":["role","user","article"],"roleId":1,"nickname":"超级用户23","roleName":"管理员","permissionList":["article:list","user:list","user:add","role:update","article:add","role:list","article:update","user:update","role:delete","role:add"],"userId":10003}
2019-04-18 11:14:56.199 INFO  --- [UserRealm.java:37][http-nio-8080-exec-8] - 本用户权限为:[article:list, user:list, user:add, role:update, article:add, role:list, article:update, user:update, role:delete, role:add]
2019-04-18 11:14:56.201 DEBUG --- [BaseJdbcLogger.java:159][http-nio-8080-exec-8] - ==>  Preparing: SELECT r.id roleId, r.role_name roleName, u.id userId, p.id permissionId FROM sys_role r LEFT JOIN sys_user u ON r.id = u.role_id AND u.delete_status = '1' LEFT JOIN sys_role_permission rp ON r.id = rp.role_id AND rp.delete_status = '1' LEFT JOIN sys_permission p ON rp.permission_id = p.id WHERE r.id = ? 
2019-04-18 11:14:56.202 DEBUG --- [BaseJdbcLogger.java:159][http-nio-8080-exec-8] - ==> Parameters: 2(Integer)
2019-04-18 11:14:56.205 DEBUG --- [BaseJdbcLogger.java:159][http-nio-8080-exec-8] - <==      Total: 6
2019-04-18 11:14:56.206 DEBUG --- [BaseJdbcLogger.java:159][http-nio-8080-exec-8] - ==>  Preparing: insert into sys_role_permission (role_id, permission_id) values (?, ?) 
2019-04-18 11:14:56.207 DEBUG --- [BaseJdbcLogger.java:159][http-nio-8080-exec-8] - ==> Parameters: 2(String), 701(Integer)
2019-04-18 11:14:56.208 DEBUG --- [BaseJdbcLogger.java:159][http-nio-8080-exec-8] - <==    Updates: 1
2019-04-18 11:14:56.391 INFO  --- [UserRealm.java:36][http-nio-8080-exec-9] - permission的值为:{"menuList":["role","user","article"],"roleId":1,"nickname":"超级用户23","roleName":"管理员","permissionList":["article:list","user:list","user:add","role:update","article:add","role:list","article:update","user:update","role:delete","role:add"],"userId":10003}
2019-04-18 11:14:56.392 INFO  --- [UserRealm.java:37][http-nio-8080-exec-9] - 本用户权限为:[article:list, user:list, user:add, role:update, article:add, role:list, article:update, user:update, role:delete, role:add]
2019-04-18 11:14:56.394 DEBUG --- [BaseJdbcLogger.java:159][http-nio-8080-exec-9] - ==>  Preparing: SELECT r.id roleId, r.role_name roleName, u.id userId, u.nickname nickname, p.id permissionId, p.menu_code menuCode, p.menu_name menuName, p.permission_name permissionName FROM sys_role r LEFT JOIN sys_user u ON r.id = u.role_id AND u.delete_status = '1' LEFT JOIN sys_role_permission rp ON r.id = rp.role_id AND rp.delete_status = '1' LEFT JOIN sys_permission p ON rp.permission_id = p.id WHERE r.delete_status = '1' ORDER BY r.id, p.id 
2019-04-18 11:14:56.395 DEBUG --- [BaseJdbcLogger.java:159][http-nio-8080-exec-9] - ==> Parameters: 
2019-04-18 11:14:56.403 DEBUG --- [BaseJdbcLogger.java:159][http-nio-8080-exec-9] - <==      Total: 15
2019-04-18 11:15:21.786 DEBUG --- [BaseJdbcLogger.java:159][http-nio-8080-exec-2] - ==>  Preparing: SELECT u.id userId, u.username username, u.password password, u.nickname nickName FROM sys_user u WHERE u.username = ? AND u.password = ? AND u.delete_status = '1' 
2019-04-18 11:15:21.787 DEBUG --- [BaseJdbcLogger.java:159][http-nio-8080-exec-2] - ==> Parameters: user(String), 123456(String)
2019-04-18 11:15:21.789 DEBUG --- [BaseJdbcLogger.java:159][http-nio-8080-exec-2] - <==      Total: 1
2019-04-18 11:15:22.031 DEBUG --- [BaseJdbcLogger.java:159][http-nio-8080-exec-4] - ==>  Preparing: SELECT u.id userId, u.nickname nickname, u.role_id roleId, r.role_name roleName, p.menu_code menuCode, p.permission_code permissionCode FROM sys_user u LEFT JOIN sys_role r ON r.id = u.role_id LEFT JOIN sys_role_permission rp ON u.role_id = rp.role_id LEFT JOIN sys_permission p ON rp.permission_id = p.id AND rp.delete_status = '1' WHERE u.username = ? AND u.delete_status = '1' 
2019-04-18 11:15:22.032 DEBUG --- [BaseJdbcLogger.java:159][http-nio-8080-exec-4] - ==> Parameters: user(String)
2019-04-18 11:15:22.068 DEBUG --- [BaseJdbcLogger.java:159][http-nio-8080-exec-4] - <==      Total: 15
2019-04-18 11:15:24.503 INFO  --- [UserRealm.java:36][http-nio-8080-exec-5] - permission的值为:{"menuList":["role","user","article"],"roleId":2,"nickname":"支部书记1","roleName":"支部书记","permissionList":["article:list","user:list","user:add","article:add","role:list","article:update","user:update"],"userId":10004}
2019-04-18 11:15:24.503 INFO  --- [UserRealm.java:37][http-nio-8080-exec-5] - 本用户权限为:[article:list, user:list, user:add, article:add, role:list, article:update, user:update]
2019-04-18 11:15:24.504 DEBUG --- [BaseJdbcLogger.java:159][http-nio-8080-exec-5] - ==>  Preparing: SELECT r.id roleId, r.role_name roleName, u.id userId, u.nickname nickname, p.id permissionId, p.menu_code menuCode, p.menu_name menuName, p.permission_name permissionName FROM sys_role r LEFT JOIN sys_user u ON r.id = u.role_id AND u.delete_status = '1' LEFT JOIN sys_role_permission rp ON r.id = rp.role_id AND rp.delete_status = '1' LEFT JOIN sys_permission p ON rp.permission_id = p.id WHERE r.delete_status = '1' ORDER BY r.id, p.id 
2019-04-18 11:15:24.504 DEBUG --- [BaseJdbcLogger.java:159][http-nio-8080-exec-5] - ==> Parameters: 
2019-04-18 11:15:24.508 DEBUG --- [BaseJdbcLogger.java:159][http-nio-8080-exec-5] - <==      Total: 15
2019-04-18 11:15:24.806 INFO  --- [UserRealm.java:36][http-nio-8080-exec-3] - permission的值为:{"menuList":["role","user","article"],"roleId":2,"nickname":"支部书记1","roleName":"支部书记","permissionList":["article:list","user:list","user:add","article:add","role:list","article:update","user:update"],"userId":10004}
2019-04-18 11:15:24.806 INFO  --- [UserRealm.java:37][http-nio-8080-exec-3] - 本用户权限为:[article:list, user:list, user:add, article:add, role:list, article:update, user:update]
2019-04-18 11:15:24.807 DEBUG --- [BaseJdbcLogger.java:159][http-nio-8080-exec-3] - ==>  Preparing: SELECT p.id id, p.menu_name menuName, p.permission_name permissionName, p.required_permission requiredPerm FROM sys_permission p; 
2019-04-18 11:15:24.807 DEBUG --- [BaseJdbcLogger.java:159][http-nio-8080-exec-3] - ==> Parameters: 
2019-04-18 11:15:24.809 DEBUG --- [BaseJdbcLogger.java:159][http-nio-8080-exec-3] - <==      Total: 10
2019-04-18 11:15:28.492 INFO  --- [UserRealm.java:36][http-nio-8080-exec-6] - permission的值为:{"menuList":["role","user","article"],"roleId":2,"nickname":"支部书记1","roleName":"支部书记","permissionList":["article:list","user:list","user:add","article:add","role:list","article:update","user:update"],"userId":10004}
2019-04-18 11:15:28.492 INFO  --- [UserRealm.java:36][http-nio-8080-exec-7] - permission的值为:{"menuList":["role","user","article"],"roleId":2,"nickname":"支部书记1","roleName":"支部书记","permissionList":["article:list","user:list","user:add","article:add","role:list","article:update","user:update"],"userId":10004}
2019-04-18 11:15:28.492 INFO  --- [UserRealm.java:37][http-nio-8080-exec-6] - 本用户权限为:[article:list, user:list, user:add, article:add, role:list, article:update, user:update]
2019-04-18 11:15:28.492 INFO  --- [UserRealm.java:37][http-nio-8080-exec-7] - 本用户权限为:[article:list, user:list, user:add, article:add, role:list, article:update, user:update]
2019-04-18 11:15:28.492 INFO  --- [UserRealm.java:36][http-nio-8080-exec-7] - permission的值为:{"menuList":["role","user","article"],"roleId":2,"nickname":"支部书记1","roleName":"支部书记","permissionList":["article:list","user:list","user:add","article:add","role:list","article:update","user:update"],"userId":10004}
2019-04-18 11:15:28.493 INFO  --- [UserRealm.java:37][http-nio-8080-exec-7] - 本用户权限为:[article:list, user:list, user:add, article:add, role:list, article:update, user:update]
2019-04-18 11:15:28.493 DEBUG --- [BaseJdbcLogger.java:159][http-nio-8080-exec-6] - ==>  Preparing: SELECT count(0) FROM sys_user u WHERE u.delete_status = '1' 
2019-04-18 11:15:28.495 DEBUG --- [BaseJdbcLogger.java:159][http-nio-8080-exec-7] - ==>  Preparing: SELECT id roleId, role_name roleName FROM sys_role WHERE delete_status='1' 
2019-04-18 11:15:28.495 DEBUG --- [BaseJdbcLogger.java:159][http-nio-8080-exec-6] - ==> Parameters: 
2019-04-18 11:15:28.495 DEBUG --- [BaseJdbcLogger.java:159][http-nio-8080-exec-7] - ==> Parameters: 
2019-04-18 11:15:28.496 DEBUG --- [BaseJdbcLogger.java:159][http-nio-8080-exec-6] - <==      Total: 1
2019-04-18 11:15:28.496 DEBUG --- [BaseJdbcLogger.java:159][http-nio-8080-exec-7] - <==      Total: 3
2019-04-18 11:15:28.497 DEBUG --- [BaseJdbcLogger.java:159][http-nio-8080-exec-6] - ==>  Preparing: SELECT u.*, r.role_name roleName, CONCAT(p.menu_name, p.permission_name) permissionName FROM ( SELECT id userId, username username, nickname nickname, role_id roleId, delete_status deleteStatus, DATE_FORMAT(create_time, '%Y.%m.%d %T') createTime, DATE_FORMAT(update_time, '%Y.%m.%d %T') updateTime FROM sys_user WHERE delete_status = '1' ORDER BY id LIMIT ?, ? ) u LEFT JOIN sys_role r ON r.id = u.roleId LEFT JOIN sys_role_permission rp ON rp.role_id = r.id LEFT JOIN sys_permission p ON p.id = rp.permission_id ORDER BY u.userId 
2019-04-18 11:15:28.498 DEBUG --- [BaseJdbcLogger.java:159][http-nio-8080-exec-6] - ==> Parameters: 0(Integer), 50(Integer)
2019-04-18 11:15:28.504 DEBUG --- [BaseJdbcLogger.java:159][http-nio-8080-exec-6] - <==      Total: 25
2019-04-18 11:15:33.142 INFO  --- [UserRealm.java:36][http-nio-8080-exec-10] - permission的值为:{"menuList":["role","user","article"],"roleId":2,"nickname":"支部书记1","roleName":"支部书记","permissionList":["article:list","user:list","user:add","article:add","role:list","article:update","user:update"],"userId":10004}
2019-04-18 11:15:33.143 INFO  --- [UserRealm.java:37][http-nio-8080-exec-10] - 本用户权限为:[article:list, user:list, user:add, article:add, role:list, article:update, user:update]
2019-04-18 11:15:33.145 DEBUG --- [BaseJdbcLogger.java:159][http-nio-8080-exec-10] - ==>  Preparing: SELECT r.id roleId, r.role_name roleName, u.id userId, u.nickname nickname, p.id permissionId, p.menu_code menuCode, p.menu_name menuName, p.permission_name permissionName FROM sys_role r LEFT JOIN sys_user u ON r.id = u.role_id AND u.delete_status = '1' LEFT JOIN sys_role_permission rp ON r.id = rp.role_id AND rp.delete_status = '1' LEFT JOIN sys_permission p ON rp.permission_id = p.id WHERE r.delete_status = '1' ORDER BY r.id, p.id 
2019-04-18 11:15:33.146 DEBUG --- [BaseJdbcLogger.java:159][http-nio-8080-exec-10] - ==> Parameters: 
2019-04-18 11:15:33.150 DEBUG --- [BaseJdbcLogger.java:159][http-nio-8080-exec-10] - <==      Total: 15
2019-04-18 11:15:33.443 INFO  --- [UserRealm.java:36][http-nio-8080-exec-8] - permission的值为:{"menuList":["role","user","article"],"roleId":2,"nickname":"支部书记1","roleName":"支部书记","permissionList":["article:list","user:list","user:add","article:add","role:list","article:update","user:update"],"userId":10004}
2019-04-18 11:15:33.443 INFO  --- [UserRealm.java:37][http-nio-8080-exec-8] - 本用户权限为:[article:list, user:list, user:add, article:add, role:list, article:update, user:update]
2019-04-18 11:15:33.444 DEBUG --- [BaseJdbcLogger.java:159][http-nio-8080-exec-8] - ==>  Preparing: SELECT p.id id, p.menu_name menuName, p.permission_name permissionName, p.required_permission requiredPerm FROM sys_permission p; 
2019-04-18 11:15:33.445 DEBUG --- [BaseJdbcLogger.java:159][http-nio-8080-exec-8] - ==> Parameters: 
2019-04-18 11:15:33.448 DEBUG --- [BaseJdbcLogger.java:159][http-nio-8080-exec-8] - <==      Total: 10
2019-04-18 11:15:47.418 INFO  --- [UserRealm.java:36][http-nio-8080-exec-9] - permission的值为:{"menuList":["role","user","article"],"roleId":2,"nickname":"支部书记1","roleName":"支部书记","permissionList":["article:list","user:list","user:add","article:add","role:list","article:update","user:update"],"userId":10004}
2019-04-18 11:15:47.418 INFO  --- [UserRealm.java:36][http-nio-8080-exec-1] - permission的值为:{"menuList":["role","user","article"],"roleId":2,"nickname":"支部书记1","roleName":"支部书记","permissionList":["article:list","user:list","user:add","article:add","role:list","article:update","user:update"],"userId":10004}
2019-04-18 11:15:47.418 INFO  --- [UserRealm.java:37][http-nio-8080-exec-9] - 本用户权限为:[article:list, user:list, user:add, article:add, role:list, article:update, user:update]
2019-04-18 11:15:47.418 INFO  --- [UserRealm.java:37][http-nio-8080-exec-1] - 本用户权限为:[article:list, user:list, user:add, article:add, role:list, article:update, user:update]
2019-04-18 11:15:47.419 INFO  --- [UserRealm.java:36][http-nio-8080-exec-1] - permission的值为:{"menuList":["role","user","article"],"roleId":2,"nickname":"支部书记1","roleName":"支部书记","permissionList":["article:list","user:list","user:add","article:add","role:list","article:update","user:update"],"userId":10004}
2019-04-18 11:15:47.419 INFO  --- [UserRealm.java:37][http-nio-8080-exec-1] - 本用户权限为:[article:list, user:list, user:add, article:add, role:list, article:update, user:update]
2019-04-18 11:15:47.419 DEBUG --- [BaseJdbcLogger.java:159][http-nio-8080-exec-9] - ==>  Preparing: SELECT count(0) FROM sys_user u WHERE u.delete_status = '1' 
2019-04-18 11:15:47.420 DEBUG --- [BaseJdbcLogger.java:159][http-nio-8080-exec-9] - ==> Parameters: 
2019-04-18 11:15:47.420 DEBUG --- [BaseJdbcLogger.java:159][http-nio-8080-exec-9] - <==      Total: 1
2019-04-18 11:15:47.420 DEBUG --- [BaseJdbcLogger.java:159][http-nio-8080-exec-1] - ==>  Preparing: SELECT id roleId, role_name roleName FROM sys_role WHERE delete_status='1' 
2019-04-18 11:15:47.421 DEBUG --- [BaseJdbcLogger.java:159][http-nio-8080-exec-1] - ==> Parameters: 
2019-04-18 11:15:47.421 DEBUG --- [BaseJdbcLogger.java:159][http-nio-8080-exec-9] - ==>  Preparing: SELECT u.*, r.role_name roleName, CONCAT(p.menu_name, p.permission_name) permissionName FROM ( SELECT id userId, username username, nickname nickname, role_id roleId, delete_status deleteStatus, DATE_FORMAT(create_time, '%Y.%m.%d %T') createTime, DATE_FORMAT(update_time, '%Y.%m.%d %T') updateTime FROM sys_user WHERE delete_status = '1' ORDER BY id LIMIT ?, ? ) u LEFT JOIN sys_role r ON r.id = u.roleId LEFT JOIN sys_role_permission rp ON rp.role_id = r.id LEFT JOIN sys_permission p ON p.id = rp.permission_id ORDER BY u.userId 
2019-04-18 11:15:47.421 DEBUG --- [BaseJdbcLogger.java:159][http-nio-8080-exec-9] - ==> Parameters: 0(Integer), 50(Integer)
2019-04-18 11:15:47.422 DEBUG --- [BaseJdbcLogger.java:159][http-nio-8080-exec-1] - <==      Total: 3
2019-04-18 11:15:47.426 DEBUG --- [BaseJdbcLogger.java:159][http-nio-8080-exec-9] - <==      Total: 25
2019-04-18 11:16:10.426 DEBUG --- [BaseJdbcLogger.java:159][http-nio-8080-exec-4] - ==>  Preparing: SELECT u.id userId, u.username username, u.password password, u.nickname nickName FROM sys_user u WHERE u.username = ? AND u.password = ? AND u.delete_status = '1' 
2019-04-18 11:16:10.427 DEBUG --- [BaseJdbcLogger.java:159][http-nio-8080-exec-4] - ==> Parameters: test1(String), 123456(String)
2019-04-18 11:16:10.428 DEBUG --- [BaseJdbcLogger.java:159][http-nio-8080-exec-4] - <==      Total: 0
2019-04-18 11:16:31.631 DEBUG --- [BaseJdbcLogger.java:159][http-nio-8080-exec-5] - ==>  Preparing: SELECT u.id userId, u.username username, u.password password, u.nickname nickName FROM sys_user u WHERE u.username = ? AND u.password = ? AND u.delete_status = '1' 
2019-04-18 11:16:31.632 DEBUG --- [BaseJdbcLogger.java:159][http-nio-8080-exec-5] - ==> Parameters: test(String), 123456(String)
2019-04-18 11:16:31.633 DEBUG --- [BaseJdbcLogger.java:159][http-nio-8080-exec-5] - <==      Total: 1
2019-04-18 11:16:31.886 DEBUG --- [BaseJdbcLogger.java:159][http-nio-8080-exec-3] - ==>  Preparing: SELECT u.id userId, u.nickname nickname, u.role_id roleId, r.role_name roleName, p.menu_code menuCode, p.permission_code permissionCode FROM sys_user u LEFT JOIN sys_role r ON r.id = u.role_id LEFT JOIN sys_role_permission rp ON u.role_id = rp.role_id LEFT JOIN sys_permission p ON rp.permission_id = p.id AND rp.delete_status = '1' WHERE u.username = ? AND u.delete_status = '1' 
2019-04-18 11:16:31.887 DEBUG --- [BaseJdbcLogger.java:159][http-nio-8080-exec-3] - ==> Parameters: test(String)
2019-04-18 11:16:31.889 DEBUG --- [BaseJdbcLogger.java:159][http-nio-8080-exec-3] - <==      Total: 7
2019-04-18 11:16:35.631 INFO  --- [UserRealm.java:36][http-nio-8080-exec-7] - permission的值为:{"menuList":["role","user","article"],"roleId":3,"nickname":"党员1","roleName":"正式党员","permissionList":["article:list","user:list","article:add","role:list","user:update"],"userId":10007}
2019-04-18 11:16:35.631 INFO  --- [UserRealm.java:37][http-nio-8080-exec-7] - 本用户权限为:[article:list, user:list, article:add, role:list, user:update]
2019-04-18 11:16:35.633 DEBUG --- [BaseJdbcLogger.java:159][http-nio-8080-exec-7] - ==>  Preparing: SELECT r.id roleId, r.role_name roleName, u.id userId, u.nickname nickname, p.id permissionId, p.menu_code menuCode, p.menu_name menuName, p.permission_name permissionName FROM sys_role r LEFT JOIN sys_user u ON r.id = u.role_id AND u.delete_status = '1' LEFT JOIN sys_role_permission rp ON r.id = rp.role_id AND rp.delete_status = '1' LEFT JOIN sys_permission p ON rp.permission_id = p.id WHERE r.delete_status = '1' ORDER BY r.id, p.id 
2019-04-18 11:16:35.633 DEBUG --- [BaseJdbcLogger.java:159][http-nio-8080-exec-7] - ==> Parameters: 
2019-04-18 11:16:35.637 DEBUG --- [BaseJdbcLogger.java:159][http-nio-8080-exec-7] - <==      Total: 15
2019-04-18 11:16:35.934 INFO  --- [UserRealm.java:36][http-nio-8080-exec-6] - permission的值为:{"menuList":["role","user","article"],"roleId":3,"nickname":"党员1","roleName":"正式党员","permissionList":["article:list","user:list","article:add","role:list","user:update"],"userId":10007}
2019-04-18 11:16:35.934 INFO  --- [UserRealm.java:37][http-nio-8080-exec-6] - 本用户权限为:[article:list, user:list, article:add, role:list, user:update]
2019-04-18 11:16:35.935 DEBUG --- [BaseJdbcLogger.java:159][http-nio-8080-exec-6] - ==>  Preparing: SELECT p.id id, p.menu_name menuName, p.permission_name permissionName, p.required_permission requiredPerm FROM sys_permission p; 
2019-04-18 11:16:35.936 DEBUG --- [BaseJdbcLogger.java:159][http-nio-8080-exec-6] - ==> Parameters: 
2019-04-18 11:16:35.937 DEBUG --- [BaseJdbcLogger.java:159][http-nio-8080-exec-6] - <==      Total: 10
2019-04-18 11:16:39.474 INFO  --- [UserRealm.java:36][http-nio-8080-exec-10] - permission的值为:{"menuList":["role","user","article"],"roleId":3,"nickname":"党员1","roleName":"正式党员","permissionList":["article:list","user:list","article:add","role:list","user:update"],"userId":10007}
2019-04-18 11:16:39.474 INFO  --- [UserRealm.java:36][http-nio-8080-exec-8] - permission的值为:{"menuList":["role","user","article"],"roleId":3,"nickname":"党员1","roleName":"正式党员","permissionList":["article:list","user:list","article:add","role:list","user:update"],"userId":10007}
2019-04-18 11:16:39.475 INFO  --- [UserRealm.java:37][http-nio-8080-exec-8] - 本用户权限为:[article:list, user:list, article:add, role:list, user:update]
2019-04-18 11:16:39.475 INFO  --- [UserRealm.java:37][http-nio-8080-exec-10] - 本用户权限为:[article:list, user:list, article:add, role:list, user:update]
2019-04-18 11:16:39.475 INFO  --- [UserRealm.java:36][http-nio-8080-exec-8] - permission的值为:{"menuList":["role","user","article"],"roleId":3,"nickname":"党员1","roleName":"正式党员","permissionList":["article:list","user:list","article:add","role:list","user:update"],"userId":10007}
2019-04-18 11:16:39.475 INFO  --- [UserRealm.java:37][http-nio-8080-exec-8] - 本用户权限为:[article:list, user:list, article:add, role:list, user:update]
2019-04-18 11:16:39.475 DEBUG --- [BaseJdbcLogger.java:159][http-nio-8080-exec-10] - ==>  Preparing: SELECT count(0) FROM sys_user u WHERE u.delete_status = '1' 
2019-04-18 11:16:39.476 DEBUG --- [BaseJdbcLogger.java:159][http-nio-8080-exec-8] - ==>  Preparing: SELECT id roleId, role_name roleName FROM sys_role WHERE delete_status='1' 
2019-04-18 11:16:39.476 DEBUG --- [BaseJdbcLogger.java:159][http-nio-8080-exec-10] - ==> Parameters: 
2019-04-18 11:16:39.476 DEBUG --- [BaseJdbcLogger.java:159][http-nio-8080-exec-8] - ==> Parameters: 
2019-04-18 11:16:39.477 DEBUG --- [BaseJdbcLogger.java:159][http-nio-8080-exec-10] - <==      Total: 1
2019-04-18 11:16:39.477 DEBUG --- [BaseJdbcLogger.java:159][http-nio-8080-exec-8] - <==      Total: 3
2019-04-18 11:16:39.477 DEBUG --- [BaseJdbcLogger.java:159][http-nio-8080-exec-10] - ==>  Preparing: SELECT u.*, r.role_name roleName, CONCAT(p.menu_name, p.permission_name) permissionName FROM ( SELECT id userId, username username, nickname nickname, role_id roleId, delete_status deleteStatus, DATE_FORMAT(create_time, '%Y.%m.%d %T') createTime, DATE_FORMAT(update_time, '%Y.%m.%d %T') updateTime FROM sys_user WHERE delete_status = '1' ORDER BY id LIMIT ?, ? ) u LEFT JOIN sys_role r ON r.id = u.roleId LEFT JOIN sys_role_permission rp ON rp.role_id = r.id LEFT JOIN sys_permission p ON p.id = rp.permission_id ORDER BY u.userId 
2019-04-18 11:16:39.478 DEBUG --- [BaseJdbcLogger.java:159][http-nio-8080-exec-10] - ==> Parameters: 0(Integer), 50(Integer)
2019-04-18 11:16:39.483 DEBUG --- [BaseJdbcLogger.java:159][http-nio-8080-exec-10] - <==      Total: 25
2019-04-18 11:16:49.124 INFO  --- [UserRealm.java:36][http-nio-8080-exec-1] - permission的值为:{"menuList":["role","user","article"],"roleId":3,"nickname":"党员1","roleName":"正式党员","permissionList":["article:list","user:list","article:add","role:list","user:update"],"userId":10007}
2019-04-18 11:16:49.124 INFO  --- [UserRealm.java:37][http-nio-8080-exec-1] - 本用户权限为:[article:list, user:list, article:add, role:list, user:update]
2019-04-18 11:16:49.125 DEBUG --- [BaseJdbcLogger.java:159][http-nio-8080-exec-1] - ==>  Preparing: SELECT r.id roleId, r.role_name roleName, u.id userId, u.nickname nickname, p.id permissionId, p.menu_code menuCode, p.menu_name menuName, p.permission_name permissionName FROM sys_role r LEFT JOIN sys_user u ON r.id = u.role_id AND u.delete_status = '1' LEFT JOIN sys_role_permission rp ON r.id = rp.role_id AND rp.delete_status = '1' LEFT JOIN sys_permission p ON rp.permission_id = p.id WHERE r.delete_status = '1' ORDER BY r.id, p.id 
2019-04-18 11:16:49.125 DEBUG --- [BaseJdbcLogger.java:159][http-nio-8080-exec-1] - ==> Parameters: 
2019-04-18 11:16:49.131 DEBUG --- [BaseJdbcLogger.java:159][http-nio-8080-exec-1] - <==      Total: 15
2019-04-18 11:16:49.426 INFO  --- [UserRealm.java:36][http-nio-8080-exec-9] - permission的值为:{"menuList":["role","user","article"],"roleId":3,"nickname":"党员1","roleName":"正式党员","permissionList":["article:list","user:list","article:add","role:list","user:update"],"userId":10007}
2019-04-18 11:16:49.427 INFO  --- [UserRealm.java:37][http-nio-8080-exec-9] - 本用户权限为:[article:list, user:list, article:add, role:list, user:update]
2019-04-18 11:16:49.429 DEBUG --- [BaseJdbcLogger.java:159][http-nio-8080-exec-9] - ==>  Preparing: SELECT p.id id, p.menu_name menuName, p.permission_name permissionName, p.required_permission requiredPerm FROM sys_permission p; 
2019-04-18 11:16:49.429 DEBUG --- [BaseJdbcLogger.java:159][http-nio-8080-exec-9] - ==> Parameters: 
2019-04-18 11:16:49.431 DEBUG --- [BaseJdbcLogger.java:159][http-nio-8080-exec-9] - <==      Total: 10
2019-04-18 11:16:50.716 INFO  --- [UserRealm.java:36][http-nio-8080-exec-2] - permission的值为:{"menuList":["role","user","article"],"roleId":3,"nickname":"党员1","roleName":"正式党员","permissionList":["article:list","user:list","article:add","role:list","user:update"],"userId":10007}
2019-04-18 11:16:50.716 INFO  --- [UserRealm.java:36][http-nio-8080-exec-4] - permission的值为:{"menuList":["role","user","article"],"roleId":3,"nickname":"党员1","roleName":"正式党员","permissionList":["article:list","user:list","article:add","role:list","user:update"],"userId":10007}
2019-04-18 11:16:50.716 INFO  --- [UserRealm.java:37][http-nio-8080-exec-2] - 本用户权限为:[article:list, user:list, article:add, role:list, user:update]
2019-04-18 11:16:50.716 INFO  --- [UserRealm.java:37][http-nio-8080-exec-4] - 本用户权限为:[article:list, user:list, article:add, role:list, user:update]
2019-04-18 11:16:50.717 INFO  --- [UserRealm.java:36][http-nio-8080-exec-4] - permission的值为:{"menuList":["role","user","article"],"roleId":3,"nickname":"党员1","roleName":"正式党员","permissionList":["article:list","user:list","article:add","role:list","user:update"],"userId":10007}
2019-04-18 11:16:50.717 INFO  --- [UserRealm.java:37][http-nio-8080-exec-4] - 本用户权限为:[article:list, user:list, article:add, role:list, user:update]
2019-04-18 11:16:50.717 DEBUG --- [BaseJdbcLogger.java:159][http-nio-8080-exec-2] - ==>  Preparing: SELECT count(0) FROM sys_user u WHERE u.delete_status = '1' 
2019-04-18 11:16:50.718 DEBUG --- [BaseJdbcLogger.java:159][http-nio-8080-exec-4] - ==>  Preparing: SELECT id roleId, role_name roleName FROM sys_role WHERE delete_status='1' 
2019-04-18 11:16:50.718 DEBUG --- [BaseJdbcLogger.java:159][http-nio-8080-exec-2] - ==> Parameters: 
2019-04-18 11:16:50.718 DEBUG --- [BaseJdbcLogger.java:159][http-nio-8080-exec-4] - ==> Parameters: 
2019-04-18 11:16:50.718 DEBUG --- [BaseJdbcLogger.java:159][http-nio-8080-exec-2] - <==      Total: 1
2019-04-18 11:16:50.719 DEBUG --- [BaseJdbcLogger.java:159][http-nio-8080-exec-4] - <==      Total: 3
2019-04-18 11:16:50.719 DEBUG --- [BaseJdbcLogger.java:159][http-nio-8080-exec-2] - ==>  Preparing: SELECT u.*, r.role_name roleName, CONCAT(p.menu_name, p.permission_name) permissionName FROM ( SELECT id userId, username username, nickname nickname, role_id roleId, delete_status deleteStatus, DATE_FORMAT(create_time, '%Y.%m.%d %T') createTime, DATE_FORMAT(update_time, '%Y.%m.%d %T') updateTime FROM sys_user WHERE delete_status = '1' ORDER BY id LIMIT ?, ? ) u LEFT JOIN sys_role r ON r.id = u.roleId LEFT JOIN sys_role_permission rp ON rp.role_id = r.id LEFT JOIN sys_permission p ON p.id = rp.permission_id ORDER BY u.userId 
2019-04-18 11:16:50.719 DEBUG --- [BaseJdbcLogger.java:159][http-nio-8080-exec-2] - ==> Parameters: 0(Integer), 50(Integer)
2019-04-18 11:16:50.723 DEBUG --- [BaseJdbcLogger.java:159][http-nio-8080-exec-2] - <==      Total: 25
2019-04-18 11:17:24.631 INFO  --- [UserRealm.java:36][http-nio-8080-exec-5] - permission的值为:{"menuList":["role","user","article"],"roleId":3,"nickname":"党员1","roleName":"正式党员","permissionList":["article:list","user:list","article:add","role:list","user:update"],"userId":10007}
2019-04-18 11:17:24.631 INFO  --- [UserRealm.java:37][http-nio-8080-exec-5] - 本用户权限为:[article:list, user:list, article:add, role:list, user:update]
2019-04-18 11:17:24.687 DEBUG --- [BaseJdbcLogger.java:159][http-nio-8080-exec-5] - ==>  Preparing: UPDATE sys_user SET nickname = ? , role_id = ? , delete_status = ? WHERE id = ? and id != 10001 
2019-04-18 11:17:24.688 DEBUG --- [BaseJdbcLogger.java:159][http-nio-8080-exec-5] - ==> Parameters: user1(String), 1(Integer), 2(String), 10012(Integer)
2019-04-18 11:17:24.707 DEBUG --- [BaseJdbcLogger.java:159][http-nio-8080-exec-5] - <==    Updates: 1
2019-04-18 11:17:24.848 INFO  --- [UserRealm.java:36][http-nio-8080-exec-3] - permission的值为:{"menuList":["role","user","article"],"roleId":3,"nickname":"党员1","roleName":"正式党员","permissionList":["article:list","user:list","article:add","role:list","user:update"],"userId":10007}
2019-04-18 11:17:24.848 INFO  --- [UserRealm.java:37][http-nio-8080-exec-3] - 本用户权限为:[article:list, user:list, article:add, role:list, user:update]
2019-04-18 11:17:24.849 DEBUG --- [BaseJdbcLogger.java:159][http-nio-8080-exec-3] - ==>  Preparing: SELECT count(0) FROM sys_user u WHERE u.delete_status = '1' 
2019-04-18 11:17:24.849 DEBUG --- [BaseJdbcLogger.java:159][http-nio-8080-exec-3] - ==> Parameters: 
2019-04-18 11:17:24.850 DEBUG --- [BaseJdbcLogger.java:159][http-nio-8080-exec-3] - <==      Total: 1
2019-04-18 11:17:24.851 DEBUG --- [BaseJdbcLogger.java:159][http-nio-8080-exec-3] - ==>  Preparing: SELECT u.*, r.role_name roleName, CONCAT(p.menu_name, p.permission_name) permissionName FROM ( SELECT id userId, username username, nickname nickname, role_id roleId, delete_status deleteStatus, DATE_FORMAT(create_time, '%Y.%m.%d %T') createTime, DATE_FORMAT(update_time, '%Y.%m.%d %T') updateTime FROM sys_user WHERE delete_status = '1' ORDER BY id LIMIT ?, ? ) u LEFT JOIN sys_role r ON r.id = u.roleId LEFT JOIN sys_role_permission rp ON rp.role_id = r.id LEFT JOIN sys_permission p ON p.id = rp.permission_id ORDER BY u.userId 
2019-04-18 11:17:24.851 DEBUG --- [BaseJdbcLogger.java:159][http-nio-8080-exec-3] - ==> Parameters: 0(Integer), 50(Integer)
2019-04-18 11:17:24.854 DEBUG --- [BaseJdbcLogger.java:159][http-nio-8080-exec-3] - <==      Total: 24
2019-04-18 11:17:26.439 DEBUG --- [BaseJdbcLogger.java:159][http-nio-8080-exec-7] - ==>  Preparing: SELECT u.id userId, u.nickname nickname, u.role_id roleId, r.role_name roleName, p.menu_code menuCode, p.permission_code permissionCode FROM sys_user u LEFT JOIN sys_role r ON r.id = u.role_id LEFT JOIN sys_role_permission rp ON u.role_id = rp.role_id LEFT JOIN sys_permission p ON rp.permission_id = p.id AND rp.delete_status = '1' WHERE u.username = ? AND u.delete_status = '1' 
2019-04-18 11:17:26.440 DEBUG --- [BaseJdbcLogger.java:159][http-nio-8080-exec-7] - ==> Parameters: test(String)
2019-04-18 11:17:26.441 DEBUG --- [BaseJdbcLogger.java:159][http-nio-8080-exec-7] - <==      Total: 7
2019-04-18 11:17:26.619 INFO  --- [UserRealm.java:36][http-nio-8080-exec-6] - permission的值为:{"menuList":["role","user","article"],"roleId":3,"nickname":"党员1","roleName":"正式党员","permissionList":["article:list","user:list","article:add","role:list","user:update"],"userId":10007}
2019-04-18 11:17:26.620 INFO  --- [UserRealm.java:37][http-nio-8080-exec-6] - 本用户权限为:[article:list, user:list, article:add, role:list, user:update]
2019-04-18 11:17:26.621 DEBUG --- [BaseJdbcLogger.java:159][http-nio-8080-exec-6] - ==>  Preparing: SELECT count(0) FROM sys_user u WHERE u.delete_status = '1' 
2019-04-18 11:17:26.621 DEBUG --- [BaseJdbcLogger.java:159][http-nio-8080-exec-6] - ==> Parameters: 
2019-04-18 11:17:26.622 DEBUG --- [BaseJdbcLogger.java:159][http-nio-8080-exec-6] - <==      Total: 1
2019-04-18 11:17:26.622 DEBUG --- [BaseJdbcLogger.java:159][http-nio-8080-exec-6] - ==>  Preparing: SELECT u.*, r.role_name roleName, CONCAT(p.menu_name, p.permission_name) permissionName FROM ( SELECT id userId, username username, nickname nickname, role_id roleId, delete_status deleteStatus, DATE_FORMAT(create_time, '%Y.%m.%d %T') createTime, DATE_FORMAT(update_time, '%Y.%m.%d %T') updateTime FROM sys_user WHERE delete_status = '1' ORDER BY id LIMIT ?, ? ) u LEFT JOIN sys_role r ON r.id = u.roleId LEFT JOIN sys_role_permission rp ON rp.role_id = r.id LEFT JOIN sys_permission p ON p.id = rp.permission_id ORDER BY u.userId 
2019-04-18 11:17:26.622 DEBUG --- [BaseJdbcLogger.java:159][http-nio-8080-exec-6] - ==> Parameters: 0(Integer), 50(Integer)
2019-04-18 11:17:26.626 DEBUG --- [BaseJdbcLogger.java:159][http-nio-8080-exec-6] - <==      Total: 24
2019-04-18 11:17:26.748 INFO  --- [UserRealm.java:36][http-nio-8080-exec-8] - permission的值为:{"menuList":["role","user","article"],"roleId":3,"nickname":"党员1","roleName":"正式党员","permissionList":["article:list","user:list","article:add","role:list","user:update"],"userId":10007}
2019-04-18 11:17:26.748 INFO  --- [UserRealm.java:37][http-nio-8080-exec-8] - 本用户权限为:[article:list, user:list, article:add, role:list, user:update]
2019-04-18 11:17:26.749 INFO  --- [UserRealm.java:36][http-nio-8080-exec-8] - permission的值为:{"menuList":["role","user","article"],"roleId":3,"nickname":"党员1","roleName":"正式党员","permissionList":["article:list","user:list","article:add","role:list","user:update"],"userId":10007}
2019-04-18 11:17:26.749 INFO  --- [UserRealm.java:37][http-nio-8080-exec-8] - 本用户权限为:[article:list, user:list, article:add, role:list, user:update]
2019-04-18 11:17:26.750 DEBUG --- [BaseJdbcLogger.java:159][http-nio-8080-exec-8] - ==>  Preparing: SELECT id roleId, role_name roleName FROM sys_role WHERE delete_status='1' 
2019-04-18 11:17:26.750 DEBUG --- [BaseJdbcLogger.java:159][http-nio-8080-exec-8] - ==> Parameters: 
2019-04-18 11:17:26.755 DEBUG --- [BaseJdbcLogger.java:159][http-nio-8080-exec-8] - <==      Total: 3
2019-04-18 21:24:53.977 DEBUG --- [BaseJdbcLogger.java:159][http-nio-8080-exec-9] - ==>  Preparing: SELECT u.id userId, u.username username, u.password password, u.nickname nickName FROM sys_user u WHERE u.username = ? AND u.password = ? AND u.delete_status = '1' 
2019-04-18 21:24:54.118 DEBUG --- [BaseJdbcLogger.java:159][http-nio-8080-exec-9] - ==> Parameters: admin(String), 123456(String)
2019-04-18 21:24:55.485 DEBUG --- [BaseJdbcLogger.java:159][http-nio-8080-exec-9] - <==      Total: 1
2019-04-18 21:24:56.171 DEBUG --- [BaseJdbcLogger.java:159][http-nio-8080-exec-4] - ==>  Preparing: SELECT u.id userId, u.nickname nickname, u.role_id roleId, r.role_name roleName, p.menu_code menuCode, p.permission_code permissionCode FROM sys_user u LEFT JOIN sys_role r ON r.id = u.role_id LEFT JOIN sys_role_permission rp ON u.role_id = rp.role_id LEFT JOIN sys_permission p ON rp.permission_id = p.id AND rp.delete_status = '1' WHERE u.username = ? AND u.delete_status = '1' 
2019-04-18 21:24:56.185 DEBUG --- [BaseJdbcLogger.java:159][http-nio-8080-exec-4] - ==> Parameters: admin(String)
2019-04-18 21:24:56.230 DEBUG --- [BaseJdbcLogger.java:159][http-nio-8080-exec-4] - <==      Total: 1
2019-04-18 21:24:56.230 DEBUG --- [BaseJdbcLogger.java:159][http-nio-8080-exec-4] - ==>  Preparing: SELECT p.menu_code menuCode FROM sys_permission p ORDER BY p.id 
2019-04-18 21:24:56.231 DEBUG --- [BaseJdbcLogger.java:159][http-nio-8080-exec-4] - ==> Parameters: 
2019-04-18 21:24:56.232 DEBUG --- [BaseJdbcLogger.java:159][http-nio-8080-exec-4] - <==      Total: 10
2019-04-18 21:24:56.233 DEBUG --- [BaseJdbcLogger.java:159][http-nio-8080-exec-4] - ==>  Preparing: SELECT p.permission_code permissionCode FROM sys_permission p ORDER BY p.id 
2019-04-18 21:24:56.233 DEBUG --- [BaseJdbcLogger.java:159][http-nio-8080-exec-4] - ==> Parameters: 
2019-04-18 21:24:56.235 DEBUG --- [BaseJdbcLogger.java:159][http-nio-8080-exec-4] - <==      Total: 10
2019-04-18 21:24:59.334 INFO  --- [UserRealm.java:36][http-nio-8080-exec-2] - permission的值为:{"menuList":["role","user","article"],"roleId":1,"nickname":"超级用户23","roleName":"管理员","permissionList":["article:list","user:list","user:add","role:update","article:add","role:list","article:update","user:update","role:delete","role:add"],"userId":10003}
2019-04-18 21:24:59.335 INFO  --- [UserRealm.java:37][http-nio-8080-exec-2] - 本用户权限为:[article:list, user:list, user:add, role:update, article:add, role:list, article:update, user:update, role:delete, role:add]
2019-04-18 21:24:59.336 DEBUG --- [BaseJdbcLogger.java:159][http-nio-8080-exec-2] - ==>  Preparing: SELECT count(0) FROM sys_user u WHERE u.delete_status = '1' 
2019-04-18 21:24:59.337 DEBUG --- [BaseJdbcLogger.java:159][http-nio-8080-exec-2] - ==> Parameters: 
2019-04-18 21:24:59.402 DEBUG --- [BaseJdbcLogger.java:159][http-nio-8080-exec-2] - <==      Total: 1
2019-04-18 21:24:59.403 DEBUG --- [BaseJdbcLogger.java:159][http-nio-8080-exec-2] - ==>  Preparing: SELECT u.*, r.role_name roleName, CONCAT(p.menu_name, p.permission_name) permissionName FROM ( SELECT id userId, username username, nickname nickname, role_id roleId, delete_status deleteStatus, DATE_FORMAT(create_time, '%Y.%m.%d %T') createTime, DATE_FORMAT(update_time, '%Y.%m.%d %T') updateTime FROM sys_user WHERE delete_status = '1' ORDER BY id LIMIT ?, ? ) u LEFT JOIN sys_role r ON r.id = u.roleId LEFT JOIN sys_role_permission rp ON rp.role_id = r.id LEFT JOIN sys_permission p ON p.id = rp.permission_id ORDER BY u.userId 
2019-04-18 21:24:59.404 DEBUG --- [BaseJdbcLogger.java:159][http-nio-8080-exec-2] - ==> Parameters: 0(Integer), 50(Integer)
2019-04-18 21:24:59.440 DEBUG --- [BaseJdbcLogger.java:159][http-nio-8080-exec-2] - <==      Total: 24
2019-04-18 21:24:59.663 INFO  --- [UserRealm.java:36][http-nio-8080-exec-5] - permission的值为:{"menuList":["role","user","article"],"roleId":1,"nickname":"超级用户23","roleName":"管理员","permissionList":["article:list","user:list","user:add","role:update","article:add","role:list","article:update","user:update","role:delete","role:add"],"userId":10003}
2019-04-18 21:24:59.663 INFO  --- [UserRealm.java:37][http-nio-8080-exec-5] - 本用户权限为:[article:list, user:list, user:add, role:update, article:add, role:list, article:update, user:update, role:delete, role:add]
2019-04-18 21:24:59.663 INFO  --- [UserRealm.java:36][http-nio-8080-exec-5] - permission的值为:{"menuList":["role","user","article"],"roleId":1,"nickname":"超级用户23","roleName":"管理员","permissionList":["article:list","user:list","user:add","role:update","article:add","role:list","article:update","user:update","role:delete","role:add"],"userId":10003}
2019-04-18 21:24:59.664 INFO  --- [UserRealm.java:37][http-nio-8080-exec-5] - 本用户权限为:[article:list, user:list, user:add, role:update, article:add, role:list, article:update, user:update, role:delete, role:add]
2019-04-18 21:24:59.664 DEBUG --- [BaseJdbcLogger.java:159][http-nio-8080-exec-5] - ==>  Preparing: SELECT id roleId, role_name roleName FROM sys_role WHERE delete_status='1' 
2019-04-18 21:24:59.665 DEBUG --- [BaseJdbcLogger.java:159][http-nio-8080-exec-5] - ==> Parameters: 
2019-04-18 21:24:59.666 DEBUG --- [BaseJdbcLogger.java:159][http-nio-8080-exec-5] - <==      Total: 3
2019-04-18 21:25:01.490 INFO  --- [UserRealm.java:36][http-nio-8080-exec-3] - permission的值为:{"menuList":["role","user","article"],"roleId":1,"nickname":"超级用户23","roleName":"管理员","permissionList":["article:list","user:list","user:add","role:update","article:add","role:list","article:update","user:update","role:delete","role:add"],"userId":10003}
2019-04-18 21:25:01.491 INFO  --- [UserRealm.java:37][http-nio-8080-exec-3] - 本用户权限为:[article:list, user:list, user:add, role:update, article:add, role:list, article:update, user:update, role:delete, role:add]
2019-04-18 21:25:01.492 DEBUG --- [BaseJdbcLogger.java:159][http-nio-8080-exec-3] - ==>  Preparing: SELECT p.id id, p.menu_name menuName, p.permission_name permissionName, p.required_permission requiredPerm FROM sys_permission p; 
2019-04-18 21:25:01.492 DEBUG --- [BaseJdbcLogger.java:159][http-nio-8080-exec-3] - ==> Parameters: 
2019-04-18 21:25:01.494 DEBUG --- [BaseJdbcLogger.java:159][http-nio-8080-exec-3] - <==      Total: 10
2019-04-18 21:25:01.509 INFO  --- [UserRealm.java:36][http-nio-8080-exec-7] - permission的值为:{"menuList":["role","user","article"],"roleId":1,"nickname":"超级用户23","roleName":"管理员","permissionList":["article:list","user:list","user:add","role:update","article:add","role:list","article:update","user:update","role:delete","role:add"],"userId":10003}
2019-04-18 21:25:01.537 INFO  --- [UserRealm.java:37][http-nio-8080-exec-7] - 本用户权限为:[article:list, user:list, user:add, role:update, article:add, role:list, article:update, user:update, role:delete, role:add]
2019-04-18 21:25:01.537 DEBUG --- [BaseJdbcLogger.java:159][http-nio-8080-exec-7] - ==>  Preparing: SELECT r.id roleId, r.role_name roleName, u.id userId, u.nickname nickname, p.id permissionId, p.menu_code menuCode, p.menu_name menuName, p.permission_name permissionName FROM sys_role r LEFT JOIN sys_user u ON r.id = u.role_id AND u.delete_status = '1' LEFT JOIN sys_role_permission rp ON r.id = rp.role_id AND rp.delete_status = '1' LEFT JOIN sys_permission p ON rp.permission_id = p.id WHERE r.delete_status = '1' ORDER BY r.id, p.id 
2019-04-18 21:25:01.538 DEBUG --- [BaseJdbcLogger.java:159][http-nio-8080-exec-7] - ==> Parameters: 
2019-04-18 21:25:01.542 DEBUG --- [BaseJdbcLogger.java:159][http-nio-8080-exec-7] - <==      Total: 14
2019-04-18 21:32:44.910 DEBUG --- [BaseJdbcLogger.java:159][http-nio-8080-exec-8] - ==>  Preparing: SELECT u.id userId, u.username username, u.password password, u.nickname nickName FROM sys_user u WHERE u.username = ? AND u.password = ? AND u.delete_status = '1' 
2019-04-18 21:32:44.910 DEBUG --- [BaseJdbcLogger.java:159][http-nio-8080-exec-8] - ==> Parameters: admin(String), 123456(String)
2019-04-18 21:32:44.912 DEBUG --- [BaseJdbcLogger.java:159][http-nio-8080-exec-8] - <==      Total: 1
2019-04-18 21:32:44.955 DEBUG --- [BaseJdbcLogger.java:159][http-nio-8080-exec-1] - ==>  Preparing: SELECT u.id userId, u.nickname nickname, u.role_id roleId, r.role_name roleName, p.menu_code menuCode, p.permission_code permissionCode FROM sys_user u LEFT JOIN sys_role r ON r.id = u.role_id LEFT JOIN sys_role_permission rp ON u.role_id = rp.role_id LEFT JOIN sys_permission p ON rp.permission_id = p.id AND rp.delete_status = '1' WHERE u.username = ? AND u.delete_status = '1' 
2019-04-18 21:32:44.956 DEBUG --- [BaseJdbcLogger.java:159][http-nio-8080-exec-1] - ==> Parameters: admin(String)
2019-04-18 21:32:44.957 DEBUG --- [BaseJdbcLogger.java:159][http-nio-8080-exec-1] - <==      Total: 1
2019-04-18 21:32:44.958 DEBUG --- [BaseJdbcLogger.java:159][http-nio-8080-exec-1] - ==>  Preparing: SELECT p.menu_code menuCode FROM sys_permission p ORDER BY p.id 
2019-04-18 21:32:44.958 DEBUG --- [BaseJdbcLogger.java:159][http-nio-8080-exec-1] - ==> Parameters: 
2019-04-18 21:32:44.958 DEBUG --- [BaseJdbcLogger.java:159][http-nio-8080-exec-1] - <==      Total: 10
2019-04-18 21:32:44.959 DEBUG --- [BaseJdbcLogger.java:159][http-nio-8080-exec-1] - ==>  Preparing: SELECT p.permission_code permissionCode FROM sys_permission p ORDER BY p.id 
2019-04-18 21:32:44.959 DEBUG --- [BaseJdbcLogger.java:159][http-nio-8080-exec-1] - ==> Parameters: 
2019-04-18 21:32:44.960 DEBUG --- [BaseJdbcLogger.java:159][http-nio-8080-exec-1] - <==      Total: 10
2019-04-18 21:32:47.613 INFO  --- [UserRealm.java:36][http-nio-8080-exec-9] - permission的值为:{"menuList":["role","user","article"],"roleId":1,"nickname":"超级用户23","roleName":"管理员","permissionList":["article:list","user:list","user:add","role:update","article:add","role:list","article:update","user:update","role:delete","role:add"],"userId":10003}
2019-04-18 21:32:47.613 INFO  --- [UserRealm.java:36][http-nio-8080-exec-10] - permission的值为:{"menuList":["role","user","article"],"roleId":1,"nickname":"超级用户23","roleName":"管理员","permissionList":["article:list","user:list","user:add","role:update","article:add","role:list","article:update","user:update","role:delete","role:add"],"userId":10003}
2019-04-18 21:32:47.614 INFO  --- [UserRealm.java:37][http-nio-8080-exec-10] - 本用户权限为:[article:list, user:list, user:add, role:update, article:add, role:list, article:update, user:update, role:delete, role:add]
2019-04-18 21:32:47.614 INFO  --- [UserRealm.java:37][http-nio-8080-exec-9] - 本用户权限为:[article:list, user:list, user:add, role:update, article:add, role:list, article:update, user:update, role:delete, role:add]
2019-04-18 21:32:47.649 DEBUG --- [BaseJdbcLogger.java:159][http-nio-8080-exec-10] - ==>  Preparing: SELECT r.id roleId, r.role_name roleName, u.id userId, u.nickname nickname, p.id permissionId, p.menu_code menuCode, p.menu_name menuName, p.permission_name permissionName FROM sys_role r LEFT JOIN sys_user u ON r.id = u.role_id AND u.delete_status = '1' LEFT JOIN sys_role_permission rp ON r.id = rp.role_id AND rp.delete_status = '1' LEFT JOIN sys_permission p ON rp.permission_id = p.id WHERE r.delete_status = '1' ORDER BY r.id, p.id 
2019-04-18 21:32:47.649 DEBUG --- [BaseJdbcLogger.java:159][http-nio-8080-exec-9] - ==>  Preparing: SELECT p.id id, p.menu_name menuName, p.permission_name permissionName, p.required_permission requiredPerm FROM sys_permission p; 
2019-04-18 21:32:47.649 DEBUG --- [BaseJdbcLogger.java:159][http-nio-8080-exec-10] - ==> Parameters: 
2019-04-18 21:32:47.649 DEBUG --- [BaseJdbcLogger.java:159][http-nio-8080-exec-9] - ==> Parameters: 
2019-04-18 21:32:47.651 DEBUG --- [BaseJdbcLogger.java:159][http-nio-8080-exec-9] - <==      Total: 10
2019-04-18 21:32:47.653 DEBUG --- [BaseJdbcLogger.java:159][http-nio-8080-exec-10] - <==      Total: 14
2019-04-18 21:32:50.948 INFO  --- [UserRealm.java:36][http-nio-8080-exec-4] - permission的值为:{"menuList":["role","user","article"],"roleId":1,"nickname":"超级用户23","roleName":"管理员","permissionList":["article:list","user:list","user:add","role:update","article:add","role:list","article:update","user:update","role:delete","role:add"],"userId":10003}
2019-04-18 21:32:50.949 INFO  --- [UserRealm.java:37][http-nio-8080-exec-4] - 本用户权限为:[article:list, user:list, user:add, role:update, article:add, role:list, article:update, user:update, role:delete, role:add]
2019-04-18 21:32:50.950 DEBUG --- [BaseJdbcLogger.java:159][http-nio-8080-exec-4] - ==>  Preparing: SELECT count(0) FROM sys_user u WHERE u.delete_status = '1' 
2019-04-18 21:32:50.950 DEBUG --- [BaseJdbcLogger.java:159][http-nio-8080-exec-4] - ==> Parameters: 
2019-04-18 21:32:50.951 DEBUG --- [BaseJdbcLogger.java:159][http-nio-8080-exec-4] - <==      Total: 1
2019-04-18 21:32:50.952 DEBUG --- [BaseJdbcLogger.java:159][http-nio-8080-exec-4] - ==>  Preparing: SELECT u.*, r.role_name roleName, CONCAT(p.menu_name, p.permission_name) permissionName FROM ( SELECT id userId, username username, nickname nickname, role_id roleId, delete_status deleteStatus, DATE_FORMAT(create_time, '%Y.%m.%d %T') createTime, DATE_FORMAT(update_time, '%Y.%m.%d %T') updateTime FROM sys_user WHERE delete_status = '1' ORDER BY id LIMIT ?, ? ) u LEFT JOIN sys_role r ON r.id = u.roleId LEFT JOIN sys_role_permission rp ON rp.role_id = r.id LEFT JOIN sys_permission p ON p.id = rp.permission_id ORDER BY u.userId 
2019-04-18 21:32:50.952 DEBUG --- [BaseJdbcLogger.java:159][http-nio-8080-exec-4] - ==> Parameters: 0(Integer), 50(Integer)
2019-04-18 21:32:50.956 DEBUG --- [BaseJdbcLogger.java:159][http-nio-8080-exec-4] - <==      Total: 24
2019-04-18 21:32:51.218 INFO  --- [UserRealm.java:36][http-nio-8080-exec-2] - permission的值为:{"menuList":["role","user","article"],"roleId":1,"nickname":"超级用户23","roleName":"管理员","permissionList":["article:list","user:list","user:add","role:update","article:add","role:list","article:update","user:update","role:delete","role:add"],"userId":10003}
2019-04-18 21:32:51.218 INFO  --- [UserRealm.java:37][http-nio-8080-exec-2] - 本用户权限为:[article:list, user:list, user:add, role:update, article:add, role:list, article:update, user:update, role:delete, role:add]
2019-04-18 21:32:51.219 INFO  --- [UserRealm.java:36][http-nio-8080-exec-2] - permission的值为:{"menuList":["role","user","article"],"roleId":1,"nickname":"超级用户23","roleName":"管理员","permissionList":["article:list","user:list","user:add","role:update","article:add","role:list","article:update","user:update","role:delete","role:add"],"userId":10003}
2019-04-18 21:32:51.219 INFO  --- [UserRealm.java:37][http-nio-8080-exec-2] - 本用户权限为:[article:list, user:list, user:add, role:update, article:add, role:list, article:update, user:update, role:delete, role:add]
2019-04-18 21:32:51.219 DEBUG --- [BaseJdbcLogger.java:159][http-nio-8080-exec-2] - ==>  Preparing: SELECT id roleId, role_name roleName FROM sys_role WHERE delete_status='1' 
2019-04-18 21:32:51.220 DEBUG --- [BaseJdbcLogger.java:159][http-nio-8080-exec-2] - ==> Parameters: 
2019-04-18 21:32:51.220 DEBUG --- [BaseJdbcLogger.java:159][http-nio-8080-exec-2] - <==      Total: 3
